2025-05-09 21:07:19.505 INFO  [main] c.b.v.VelyoBackendApplication - Starting VelyoBackendApplication using Java 24.0.1 with PID 9484 (C:\Users\Mati\Desktop\Velyo-professional-developer\velyo-backend\target\classes started by Mati in C:\Users\Mati\Desktop\Velyo-professional-developer\velyo-backend)
2025-05-09 21:07:19.521 INFO  [main] c.b.v.VelyoBackendApplication - No active profile set, falling back to 1 default profile: "default"
2025-05-09 21:07:21.603 INFO  [main] o.a.c.h.Http11NioProtocol - Initializing ProtocolHandler ["http-nio-4040"]
2025-05-09 21:07:21.605 INFO  [main] o.a.c.c.StandardService - Starting service [Tomcat]
2025-05-09 21:07:21.605 INFO  [main] o.a.c.c.StandardEngine - Starting Servlet engine: [Apache Tomcat/10.1.39]
2025-05-09 21:07:21.673 INFO  [main] o.a.c.c.C.[.[.[/] - Initializing Spring embedded WebApplicationContext
2025-05-09 21:07:29.060 INFO  [main] o.a.c.h.Http11NioProtocol - Starting ProtocolHandler ["http-nio-4040"]
2025-05-09 21:07:29.093 INFO  [main] c.b.v.VelyoBackendApplication - Started VelyoBackendApplication in 9.948 seconds (process running for 14.194)
2025-05-09 21:07:50.400 INFO  [http-nio-4040-exec-2] o.a.c.c.C.[.[.[/] - Initializing Spring DispatcherServlet 'dispatcherServlet'
2025-05-09 21:07:50.617 INFO  [http-nio-4040-exec-3] c.b.v.C.CategoryController - Devolviendo 10 categorias
2025-05-09 21:07:50.729 INFO  [http-nio-4040-exec-8] c.b.v.C.CategoryController - Devolviendo imagen: casa-campo.svg
2025-05-09 21:07:50.729 INFO  [http-nio-4040-exec-4] c.b.v.C.CategoryController - Devolviendo imagen: en-las-alturas.svg
2025-05-09 21:07:50.729 INFO  [http-nio-4040-exec-9] c.b.v.C.CategoryController - Devolviendo imagen: bed&breakfast.svg
2025-05-09 21:07:50.729 INFO  [http-nio-4040-exec-6] c.b.v.C.CategoryController - Devolviendo imagen: casas-rodantes.svg
2025-05-09 21:07:50.729 INFO  [http-nio-4040-exec-5] c.b.v.C.CategoryController - Devolviendo imagen: camping.svg
2025-05-09 21:07:50.729 INFO  [http-nio-4040-exec-7] c.b.v.C.CategoryController - Devolviendo imagen: casa-arbol.svg
2025-05-09 21:07:50.751 INFO  [http-nio-4040-exec-1] c.b.v.C.CategoryController - Devolviendo imagen: cabana.svg
2025-05-09 21:07:50.751 INFO  [http-nio-4040-exec-10] c.b.v.C.CategoryController - Devolviendo imagen: modern-house.svg
2025-05-09 21:07:50.751 INFO  [http-nio-4040-exec-3] c.b.v.C.CategoryController - Devolviendo imagen: habitaciones.svg
2025-05-09 21:07:50.751 INFO  [http-nio-4040-exec-2] c.b.v.C.CategoryController - Devolviendo imagen: playa.svg
2025-05-09 21:18:27.105 ERROR [http-nio-4040-exec-6] c.b.v.S.C.JwtAuthenticationFilter - El token JWT ha expirado
2025-05-09 21:18:30.101 INFO  [http-nio-4040-exec-1] c.b.v.C.CategoryController - Devolviendo 10 categorias
2025-05-09 21:18:30.133 INFO  [http-nio-4040-exec-10] c.b.v.C.CategoryController - Devolviendo imagen: camping.svg
2025-05-09 21:18:30.133 INFO  [http-nio-4040-exec-3] c.b.v.C.CategoryController - Devolviendo imagen: en-las-alturas.svg
2025-05-09 21:18:30.133 INFO  [http-nio-4040-exec-9] c.b.v.C.CategoryController - Devolviendo imagen: casas-rodantes.svg
2025-05-09 21:18:30.134 INFO  [http-nio-4040-exec-8] c.b.v.C.CategoryController - Devolviendo imagen: casa-arbol.svg
2025-05-09 21:18:30.134 INFO  [http-nio-4040-exec-2] c.b.v.C.CategoryController - Devolviendo imagen: bed&breakfast.svg
2025-05-09 21:18:30.134 INFO  [http-nio-4040-exec-4] c.b.v.C.CategoryController - Devolviendo imagen: casa-campo.svg
2025-05-09 21:18:30.138 INFO  [http-nio-4040-exec-7] c.b.v.C.CategoryController - Devolviendo imagen: playa.svg
2025-05-09 21:18:30.138 INFO  [http-nio-4040-exec-1] c.b.v.C.CategoryController - Devolviendo imagen: habitaciones.svg
2025-05-09 21:18:30.138 INFO  [http-nio-4040-exec-5] c.b.v.C.CategoryController - Devolviendo imagen: cabana.svg
2025-05-09 21:18:30.140 INFO  [http-nio-4040-exec-6] c.b.v.C.CategoryController - Devolviendo imagen: modern-house.svg
2025-05-09 21:21:36.384 INFO  [http-nio-4040-exec-1] c.b.v.S.C.JwtAuthenticationFilter - Validando el token JWT para el usuario: admin@gmail.com
2025-05-09 21:21:36.506 INFO  [http-nio-4040-exec-1] c.b.v.s.i.BookingService - La reserva ha sido guardada: b3a18332-2eed-4f16-919e-1a230976491c
2025-05-09 21:21:36.506 INFO  [http-nio-4040-exec-1] c.b.v.C.BookingController - La reserva fue creada: BookingCreateDTO(id=b3a18332-2eed-4f16-919e-1a230976491c, id_accommodation=acf62a4a-bb95-4a3b-98d6-5d5393036016, id_user=53c3139d-9213-4e6d-bb4d-aa2168d38a9e, checkIn=2025-05-09, checkOut=2025-05-10)
2025-05-09 21:21:37.485 INFO  [http-nio-4040-exec-6] c.b.v.S.C.JwtAuthenticationFilter - Validando el token JWT para el usuario: admin@gmail.com
2025-05-09 21:21:37.513 INFO  [http-nio-4040-exec-6] c.b.v.s.i.BookingService - Reserca confirmada: b3a18332-2eed-4f16-919e-1a230976491c
2025-05-09 21:21:42.275 INFO  [http-nio-4040-exec-6] c.b.v.C.BookingController - La reserva con id: b3a18332-2eed-4f16-919e-1a230976491c se confirmo
2025-05-09 21:21:42.305 INFO  [http-nio-4040-exec-4] c.b.v.S.C.JwtAuthenticationFilter - Validando el token JWT para el usuario: admin@gmail.com
2025-05-09 21:21:48.003 INFO  [http-nio-4040-exec-5] c.b.v.S.C.JwtAuthenticationFilter - Validando el token JWT para el usuario: admin@gmail.com
2025-05-09 21:21:48.021 INFO  [http-nio-4040-exec-5] c.b.v.s.i.ReviewService - Review saved: [!!!com.backend.velyo_backend.Entity.Review@7a6f2381=>java.lang.StackOverflowError:null!!!]
2025-05-09 21:21:48.049 INFO  [http-nio-4040-exec-5] c.b.v.s.i.ReviewService - Booking updated: [!!!com.backend.velyo_backend.Entity.Booking@7adc4e60=>java.lang.StackOverflowError:null!!!]
2025-05-09 21:21:48.079 INFO  [http-nio-4040-exec-5] c.b.v.s.i.ReviewService - Accommodation updated with average rating: 5.0
2025-05-09 21:21:48.087 INFO  [http-nio-4040-exec-5] c.b.v.C.ReviewController - Review creada
2025-05-09 21:21:48.105 INFO  [http-nio-4040-exec-2] c.b.v.S.C.JwtAuthenticationFilter - Validando el token JWT para el usuario: admin@gmail.com
2025-05-09 21:21:49.751 INFO  [http-nio-4040-exec-10] c.b.v.C.CategoryController - Devolviendo 10 categorias
2025-05-09 21:21:49.795 INFO  [http-nio-4040-exec-9] c.b.v.C.CategoryController - Devolviendo imagen: en-las-alturas.svg
2025-05-09 21:21:49.795 INFO  [http-nio-4040-exec-8] c.b.v.C.CategoryController - Devolviendo imagen: camping.svg
2025-05-09 21:21:49.796 INFO  [http-nio-4040-exec-5] c.b.v.C.CategoryController - Devolviendo imagen: casas-rodantes.svg
2025-05-09 21:21:49.798 INFO  [http-nio-4040-exec-3] c.b.v.C.CategoryController - Devolviendo imagen: casa-arbol.svg
2025-05-09 21:21:49.800 INFO  [http-nio-4040-exec-2] c.b.v.C.CategoryController - Devolviendo imagen: casa-campo.svg
2025-05-09 21:21:49.805 INFO  [http-nio-4040-exec-1] c.b.v.C.CategoryController - Devolviendo imagen: bed&breakfast.svg
2025-05-09 21:21:49.805 INFO  [http-nio-4040-exec-10] c.b.v.C.CategoryController - Devolviendo imagen: cabana.svg
2025-05-09 21:21:49.805 INFO  [http-nio-4040-exec-6] c.b.v.C.CategoryController - Devolviendo imagen: habitaciones.svg
2025-05-09 21:21:49.806 INFO  [http-nio-4040-exec-7] c.b.v.C.CategoryController - Devolviendo imagen: playa.svg
2025-05-09 21:21:49.806 INFO  [http-nio-4040-exec-8] c.b.v.C.CategoryController - Devolviendo imagen: modern-house.svg
