2025-05-03 12:57:52.002 INFO  [main] c.b.v.VelyoBackendApplication - Starting VelyoBackendApplication using Java 22.0.2 with PID 23048 (C:\Users\Mati\Desktop\Velyo-professional-developer\velyo_backend\target\classes started by Mati in C:\Users\Mati\Desktop\Velyo-professional-developer\velyo_backend)
2025-05-03 12:57:52.013 INFO  [main] c.b.v.VelyoBackendApplication - No active profile set, falling back to 1 default profile: "default"
2025-05-03 12:57:53.225 INFO  [main] o.a.c.h.Http11NioProtocol - Initializing ProtocolHandler ["http-nio-4040"]
2025-05-03 12:57:53.226 INFO  [main] o.a.c.c.StandardService - Starting service [Tomcat]
2025-05-03 12:57:53.227 INFO  [main] o.a.c.c.StandardEngine - Starting Servlet engine: [Apache Tomcat/10.1.39]
2025-05-03 12:57:53.279 INFO  [main] o.a.c.c.C.[.[.[/] - Initializing Spring embedded WebApplicationContext
2025-05-03 12:57:58.503 INFO  [main] o.a.c.h.Http11NioProtocol - Starting ProtocolHandler ["http-nio-4040"]
2025-05-03 12:57:58.529 INFO  [main] c.b.v.VelyoBackendApplication - Started VelyoBackendApplication in 6.873 seconds (process running for 7.575)
2025-05-03 12:58:19.670 INFO  [http-nio-4040-exec-1] o.a.c.c.C.[.[.[/] - Initializing Spring DispatcherServlet 'dispatcherServlet'
2025-05-03 12:58:19.829 INFO  [http-nio-4040-exec-2] c.b.v.C.CategoryController - Devolviendo 1 categorias
2025-05-03 12:58:19.854 INFO  [http-nio-4040-exec-1] c.b.v.s.i.AccommodationService - Devolviendo 1 alojamientos random
2025-05-03 12:58:19.905 INFO  [http-nio-4040-exec-3] c.b.v.C.CategoryController - Devolviendo imagen: 20250502224156_beach-house-icon.png
2025-05-03 13:02:24.397 INFO  [http-nio-4040-exec-9] c.b.v.C.CategoryController - Devolviendo 1 categorias
2025-05-03 13:02:24.406 INFO  [http-nio-4040-exec-10] c.b.v.s.i.AccommodationService - Devolviendo 1 alojamientos random
2025-05-03 13:02:24.442 INFO  [http-nio-4040-exec-2] c.b.v.C.CategoryController - Devolviendo imagen: 20250502224156_beach-house-icon.png
2025-05-03 13:11:45.397 INFO  [http-nio-4040-exec-8] c.b.v.C.CategoryController - Devolviendo 1 categorias
2025-05-03 13:11:45.405 INFO  [http-nio-4040-exec-7] c.b.v.s.i.AccommodationService - Devolviendo 1 alojamientos random
2025-05-03 13:11:45.428 INFO  [http-nio-4040-exec-9] c.b.v.C.CategoryController - Devolviendo imagen: 20250502224156_beach-house-icon.png
2025-05-03 13:12:08.415 INFO  [http-nio-4040-exec-2] c.b.v.C.CategoryController - Devolviendo 1 categorias
2025-05-03 13:12:08.431 INFO  [http-nio-4040-exec-1] c.b.v.s.i.AccommodationService - Devolviendo 1 alojamientos random
2025-05-03 13:12:08.472 INFO  [http-nio-4040-exec-4] c.b.v.C.CategoryController - Devolviendo imagen: 20250502224156_beach-house-icon.png
2025-05-03 13:12:16.374 INFO  [http-nio-4040-exec-5] c.b.v.C.CategoryController - Devolviendo 1 categorias
2025-05-03 13:12:16.380 INFO  [http-nio-4040-exec-6] c.b.v.s.i.AccommodationService - Devolviendo 1 alojamientos random
2025-05-03 13:12:16.397 INFO  [http-nio-4040-exec-8] c.b.v.C.CategoryController - Devolviendo imagen: 20250502224156_beach-house-icon.png
2025-05-03 13:12:18.392 INFO  [http-nio-4040-exec-9] c.b.v.C.CategoryController - Devolviendo 1 categorias
2025-05-03 13:12:18.398 INFO  [http-nio-4040-exec-10] c.b.v.s.i.AccommodationService - Devolviendo 1 alojamientos random
2025-05-03 13:12:18.431 INFO  [http-nio-4040-exec-2] c.b.v.C.CategoryController - Devolviendo imagen: 20250502224156_beach-house-icon.png
2025-05-03 13:14:26.486 INFO  [http-nio-4040-exec-8] c.b.v.C.CategoryController - Devolviendo 1 categorias
2025-05-03 13:14:26.494 INFO  [http-nio-4040-exec-7] c.b.v.s.i.AccommodationService - Devolviendo 1 alojamientos random
2025-05-03 13:14:26.573 INFO  [http-nio-4040-exec-10] c.b.v.C.CategoryController - Devolviendo imagen: 20250502224156_beach-house-icon.png
2025-05-03 13:14:37.950 INFO  [http-nio-4040-exec-1] c.b.v.C.CategoryController - Devolviendo 1 categorias
2025-05-03 13:14:37.958 INFO  [http-nio-4040-exec-5] c.b.v.s.i.AccommodationService - Devolviendo 1 alojamientos random
2025-05-03 13:14:38.001 INFO  [http-nio-4040-exec-3] c.b.v.C.CategoryController - Devolviendo imagen: 20250502224156_beach-house-icon.png
2025-05-03 13:15:07.403 INFO  [main] c.b.v.VelyoBackendApplication - Starting VelyoBackendApplication using Java 24.0.1 with PID 32192 (C:\Users\Mati\Desktop\Velyo-professional-developer\velyo_backend\target\classes started by Mati in C:\Users\Mati\Desktop\Velyo-professional-developer\velyo_backend)
2025-05-03 13:15:07.412 INFO  [main] c.b.v.VelyoBackendApplication - No active profile set, falling back to 1 default profile: "default"
2025-05-03 13:15:09.015 INFO  [main] o.a.c.h.Http11NioProtocol - Initializing ProtocolHandler ["http-nio-4040"]
2025-05-03 13:15:09.017 INFO  [main] o.a.c.c.StandardService - Starting service [Tomcat]
2025-05-03 13:15:09.017 INFO  [main] o.a.c.c.StandardEngine - Starting Servlet engine: [Apache Tomcat/10.1.39]
2025-05-03 13:15:09.071 INFO  [main] o.a.c.c.C.[.[.[/] - Initializing Spring embedded WebApplicationContext
2025-05-03 13:15:13.799 INFO  [main] o.a.c.h.Http11NioProtocol - Starting ProtocolHandler ["http-nio-4040"]
2025-05-03 13:16:20.997 INFO  [main] c.b.v.VelyoBackendApplication - Starting VelyoBackendApplication using Java 24.0.1 with PID 23408 (C:\Users\Mati\Desktop\Velyo-professional-developer\velyo_backend\target\classes started by Mati in C:\Users\Mati\Desktop\Velyo-professional-developer\velyo_backend)
2025-05-03 13:16:21.006 INFO  [main] c.b.v.VelyoBackendApplication - No active profile set, falling back to 1 default profile: "default"
2025-05-03 13:16:22.528 INFO  [main] o.a.c.h.Http11NioProtocol - Initializing ProtocolHandler ["http-nio-4040"]
2025-05-03 13:16:22.530 INFO  [main] o.a.c.c.StandardService - Starting service [Tomcat]
2025-05-03 13:16:22.530 INFO  [main] o.a.c.c.StandardEngine - Starting Servlet engine: [Apache Tomcat/10.1.39]
2025-05-03 13:16:22.587 INFO  [main] o.a.c.c.C.[.[.[/] - Initializing Spring embedded WebApplicationContext
2025-05-03 13:16:27.132 INFO  [main] o.a.c.h.Http11NioProtocol - Starting ProtocolHandler ["http-nio-4040"]
2025-05-03 13:16:27.161 INFO  [main] c.b.v.VelyoBackendApplication - Started VelyoBackendApplication in 6.456 seconds (process running for 7.243)
2025-05-03 13:16:32.142 INFO  [http-nio-4040-exec-3] o.a.c.c.C.[.[.[/] - Initializing Spring DispatcherServlet 'dispatcherServlet'
2025-05-03 13:16:32.326 INFO  [http-nio-4040-exec-1] c.b.v.C.CategoryController - Devolviendo 1 categorias
2025-05-03 13:16:32.357 INFO  [http-nio-4040-exec-3] c.b.v.s.i.AccommodationService - Devolviendo 1 alojamientos random
2025-05-03 13:16:32.412 INFO  [http-nio-4040-exec-4] c.b.v.C.CategoryController - Devolviendo imagen: 20250502224156_beach-house-icon.png
2025-05-03 13:19:07.425 INFO  [http-nio-4040-exec-3] c.b.v.C.CategoryController - Devolviendo 1 categorias
2025-05-03 13:19:07.439 INFO  [http-nio-4040-exec-1] c.b.v.s.i.AccommodationService - Devolviendo 1 alojamientos random
2025-05-03 13:19:07.488 INFO  [http-nio-4040-exec-2] c.b.v.C.CategoryController - Devolviendo imagen: 20250502224156_beach-house-icon.png
2025-05-03 13:19:10.388 INFO  [http-nio-4040-exec-4] c.b.v.C.CategoryController - Devolviendo 1 categorias
2025-05-03 13:19:10.402 INFO  [http-nio-4040-exec-8] c.b.v.s.i.AccommodationService - Devolviendo 1 alojamientos random
2025-05-03 13:19:10.426 INFO  [http-nio-4040-exec-7] c.b.v.C.CategoryController - Devolviendo imagen: 20250502224156_beach-house-icon.png
2025-05-03 13:19:11.379 INFO  [http-nio-4040-exec-6] c.b.v.C.CategoryController - Devolviendo 1 categorias
2025-05-03 13:19:11.391 INFO  [http-nio-4040-exec-9] c.b.v.s.i.AccommodationService - Devolviendo 1 alojamientos random
2025-05-03 13:19:11.413 INFO  [http-nio-4040-exec-3] c.b.v.C.CategoryController - Devolviendo imagen: 20250502224156_beach-house-icon.png
2025-05-03 13:19:13.382 INFO  [http-nio-4040-exec-2] c.b.v.C.CategoryController - Devolviendo 1 categorias
2025-05-03 13:19:13.395 INFO  [http-nio-4040-exec-5] c.b.v.s.i.AccommodationService - Devolviendo 1 alojamientos random
2025-05-03 13:19:13.418 INFO  [http-nio-4040-exec-4] c.b.v.C.CategoryController - Devolviendo imagen: 20250502224156_beach-house-icon.png
2025-05-03 13:19:15.370 INFO  [http-nio-4040-exec-7] c.b.v.C.CategoryController - Devolviendo 1 categorias
2025-05-03 13:19:15.378 INFO  [http-nio-4040-exec-10] c.b.v.s.i.AccommodationService - Devolviendo 1 alojamientos random
2025-05-03 13:19:15.400 INFO  [http-nio-4040-exec-6] c.b.v.C.CategoryController - Devolviendo imagen: 20250502224156_beach-house-icon.png
2025-05-03 13:21:58.424 INFO  [http-nio-4040-exec-4] c.b.v.C.CategoryController - Devolviendo 1 categorias
2025-05-03 13:21:58.432 INFO  [http-nio-4040-exec-8] c.b.v.s.i.AccommodationService - Devolviendo 1 alojamientos random
2025-05-03 13:22:01.591 INFO  [http-nio-4040-exec-10] c.b.v.C.CategoryController - Devolviendo 1 categorias
2025-05-03 13:22:01.600 INFO  [http-nio-4040-exec-6] c.b.v.s.i.AccommodationService - Devolviendo 1 alojamientos random
2025-05-03 13:22:40.447 INFO  [http-nio-4040-exec-3] c.b.v.C.CategoryController - Devolviendo 1 categorias
2025-05-03 13:22:40.455 INFO  [http-nio-4040-exec-1] c.b.v.s.i.AccommodationService - Devolviendo 1 alojamientos random
2025-05-03 13:22:40.503 INFO  [http-nio-4040-exec-2] c.b.v.C.CategoryController - Devolviendo imagen: 20250502224156_beach-house-icon.png
2025-05-03 13:26:11.415 INFO  [http-nio-4040-exec-9] c.b.v.C.CategoryController - Devolviendo 1 categorias
2025-05-03 13:26:11.423 INFO  [http-nio-4040-exec-3] c.b.v.s.i.AccommodationService - Devolviendo 1 alojamientos random
2025-05-03 13:26:26.396 INFO  [http-nio-4040-exec-1] c.b.v.C.CategoryController - Devolviendo 1 categorias
2025-05-03 13:26:26.406 INFO  [http-nio-4040-exec-2] c.b.v.s.i.AccommodationService - Devolviendo 1 alojamientos random
2025-05-03 13:27:00.443 INFO  [http-nio-4040-exec-5] c.b.v.C.CategoryController - Devolviendo 1 categorias
2025-05-03 13:27:00.450 INFO  [http-nio-4040-exec-4] c.b.v.s.i.AccommodationService - Devolviendo 1 alojamientos random
2025-05-03 13:27:00.518 INFO  [http-nio-4040-exec-8] c.b.v.C.CategoryController - Devolviendo imagen: 20250502224156_beach-house-icon.png
2025-05-03 13:27:08.801 INFO  [http-nio-4040-exec-10] c.b.v.C.CategoryController - Devolviendo 1 categorias
2025-05-03 13:27:08.809 INFO  [http-nio-4040-exec-9] c.b.v.s.i.AccommodationService - Devolviendo 1 alojamientos random
2025-05-03 13:27:08.855 INFO  [http-nio-4040-exec-1] c.b.v.C.CategoryController - Devolviendo imagen: 20250502224156_beach-house-icon.png
2025-05-03 13:29:15.375 INFO  [http-nio-4040-exec-10] c.b.v.C.CategoryController - Devolviendo 1 categorias
2025-05-03 13:29:15.381 INFO  [http-nio-4040-exec-9] c.b.v.s.i.AccommodationService - Devolviendo 1 alojamientos random
2025-05-03 13:29:15.416 INFO  [http-nio-4040-exec-1] c.b.v.C.CategoryController - Devolviendo imagen: 20250502224156_beach-house-icon.png
2025-05-03 13:29:19.584 INFO  [http-nio-4040-exec-5] c.b.v.C.CategoryController - Devolviendo 1 categorias
2025-05-03 13:29:19.592 INFO  [http-nio-4040-exec-4] c.b.v.s.i.AccommodationService - Devolviendo 1 alojamientos random
2025-05-03 13:29:19.640 INFO  [http-nio-4040-exec-6] c.b.v.C.CategoryController - Devolviendo imagen: 20250502224156_beach-house-icon.png
2025-05-03 13:29:39.883 INFO  [http-nio-4040-exec-9] c.b.v.S.C.JwtAuthenticationFilter - Validando el token JWT para el usuario: carreramatias12@gmail.com
2025-05-03 13:29:39.973 INFO  [http-nio-4040-exec-9] c.b.v.s.i.UserService - Devolviendo informacion del dashboard
2025-05-03 13:29:39.973 INFO  [http-nio-4040-exec-9] c.b.v.C.UserController - Devolviendo la informacion del dashboard
2025-05-03 13:30:02.101 INFO  [http-nio-4040-exec-5] c.b.v.C.CategoryController - Devolviendo 1 categorias
2025-05-03 13:30:02.106 INFO  [http-nio-4040-exec-4] c.b.v.s.i.AccommodationService - Devolviendo 1 alojamientos random
2025-05-03 13:30:02.145 INFO  [http-nio-4040-exec-7] c.b.v.C.CategoryController - Devolviendo imagen: 20250502224156_beach-house-icon.png
2025-05-03 13:33:26.385 INFO  [http-nio-4040-exec-5] c.b.v.C.CategoryController - Devolviendo 1 categorias
2025-05-03 13:33:26.392 INFO  [http-nio-4040-exec-4] c.b.v.s.i.AccommodationService - Devolviendo 1 alojamientos random
2025-05-03 13:33:26.423 INFO  [http-nio-4040-exec-6] c.b.v.C.CategoryController - Devolviendo imagen: 20250502224156_beach-house-icon.png
2025-05-03 13:33:30.843 INFO  [http-nio-4040-exec-3] c.b.v.C.CategoryController - Devolviendo 1 categorias
2025-05-03 13:33:30.851 INFO  [http-nio-4040-exec-9] c.b.v.s.i.AccommodationService - Devolviendo 1 alojamientos random
2025-05-03 13:33:30.898 INFO  [http-nio-4040-exec-1] c.b.v.C.CategoryController - Devolviendo imagen: 20250502224156_beach-house-icon.png
2025-05-03 13:33:35.914 INFO  [http-nio-4040-exec-4] c.b.v.S.C.JwtAuthenticationFilter - Validando el token JWT para el usuario: carreramatias12@gmail.com
2025-05-03 13:33:35.934 INFO  [http-nio-4040-exec-4] c.b.v.s.i.UserService - Devolviendo informacion del dashboard
2025-05-03 13:33:35.935 INFO  [http-nio-4040-exec-4] c.b.v.C.UserController - Devolviendo la informacion del dashboard
2025-05-03 13:33:42.192 INFO  [http-nio-4040-exec-6] c.b.v.C.CategoryController - Devolviendo 1 categorias
2025-05-03 13:33:42.198 INFO  [http-nio-4040-exec-7] c.b.v.s.i.AccommodationService - Devolviendo 1 alojamientos random
2025-05-03 13:33:42.233 INFO  [http-nio-4040-exec-9] c.b.v.C.CategoryController - Devolviendo imagen: 20250502224156_beach-house-icon.png
2025-05-03 13:34:07.116 INFO  [http-nio-4040-exec-1] c.b.v.C.CategoryController - Devolviendo 1 categorias
2025-05-03 13:34:11.035 INFO  [http-nio-4040-exec-8] c.b.v.S.C.JwtAuthenticationFilter - Validando el token JWT para el usuario: carreramatias12@gmail.com
2025-05-03 13:34:11.057 INFO  [http-nio-4040-exec-8] c.b.v.s.i.UserService - Devolviendo informacion del dashboard
2025-05-03 13:34:11.057 INFO  [http-nio-4040-exec-8] c.b.v.C.UserController - Devolviendo la informacion del dashboard
2025-05-03 13:38:17.557 INFO  [http-nio-4040-exec-4] c.b.v.S.C.JwtAuthenticationFilter - Validando el token JWT para el usuario: carreramatias12@gmail.com
2025-05-03 13:38:17.573 INFO  [http-nio-4040-exec-4] c.b.v.s.i.UserService - Encontrados 1 usuarios
2025-05-03 13:38:17.573 INFO  [http-nio-4040-exec-4] c.b.v.C.UserController - Devolviendo 1 users
2025-05-03 13:38:17.941 INFO  [http-nio-4040-exec-8] c.b.v.C.CategoryController - Devolviendo 1 categorias
2025-05-03 13:38:17.951 INFO  [http-nio-4040-exec-6] c.b.v.C.CategoryController - Devolviendo imagen: 20250502224156_beach-house-icon.png
2025-05-03 13:38:19.265 INFO  [http-nio-4040-exec-2] c.b.v.S.C.JwtAuthenticationFilter - Validando el token JWT para el usuario: carreramatias12@gmail.com
2025-05-03 13:38:19.286 INFO  [http-nio-4040-exec-2] c.b.v.s.i.UserService - Devolviendo informacion del dashboard
2025-05-03 13:38:19.286 INFO  [http-nio-4040-exec-2] c.b.v.C.UserController - Devolviendo la informacion del dashboard
2025-05-03 13:38:19.963 INFO  [http-nio-4040-exec-1] c.b.v.C.CategoryController - Devolviendo 1 categorias
2025-05-03 13:38:19.967 INFO  [http-nio-4040-exec-10] c.b.v.s.i.AccommodationService - Devolviendo 1 alojamientos random
2025-05-03 13:38:19.997 INFO  [http-nio-4040-exec-4] c.b.v.C.CategoryController - Devolviendo imagen: 20250502224156_beach-house-icon.png
2025-05-03 13:38:45.634 INFO  [http-nio-4040-exec-7] c.b.v.S.C.JwtAuthenticationFilter - Validando el token JWT para el usuario: carreramatias12@gmail.com
2025-05-03 13:38:47.706 INFO  [http-nio-4040-exec-1] c.b.v.S.C.JwtAuthenticationFilter - Validando el token JWT para el usuario: carreramatias12@gmail.com
2025-05-03 13:38:47.718 INFO  [http-nio-4040-exec-1] c.b.v.C.UserController - Devolviendo usuario
2025-05-03 13:38:52.116 INFO  [http-nio-4040-exec-5] c.b.v.S.C.JwtAuthenticationFilter - Validando el token JWT para el usuario: carreramatias12@gmail.com
2025-05-03 13:38:57.200 INFO  [http-nio-4040-exec-7] c.b.v.S.C.JwtAuthenticationFilter - Validando el token JWT para el usuario: carreramatias12@gmail.com
2025-05-03 13:38:57.210 INFO  [http-nio-4040-exec-7] c.b.v.C.UserController - Devolviendo usuario
2025-05-03 13:39:37.706 INFO  [http-nio-4040-exec-1] c.b.v.C.CategoryController - Devolviendo 1 categorias
2025-05-03 13:39:37.712 INFO  [http-nio-4040-exec-10] c.b.v.s.i.AccommodationService - Devolviendo 1 alojamientos random
2025-05-03 13:39:37.751 INFO  [http-nio-4040-exec-4] c.b.v.C.CategoryController - Devolviendo imagen: 20250502224156_beach-house-icon.png
2025-05-03 13:39:40.271 INFO  [http-nio-4040-exec-6] c.b.v.C.CategoryController - Devolviendo 1 categorias
2025-05-03 13:43:04.077 INFO  [http-nio-4040-exec-6] c.b.v.C.CategoryController - Devolviendo 1 categorias
2025-05-03 13:43:44.150 INFO  [http-nio-4040-exec-3] c.b.v.C.CategoryController - Devolviendo 1 categorias
2025-05-03 13:43:53.420 INFO  [http-nio-4040-exec-6] c.b.v.C.CategoryController - Devolviendo 1 categorias
2025-05-03 13:43:57.629 INFO  [http-nio-4040-exec-3] c.b.v.C.CategoryController - Devolviendo 1 categorias
2025-05-03 13:44:35.855 INFO  [http-nio-4040-exec-5] c.b.v.C.CategoryController - Devolviendo 1 categorias
2025-05-03 13:48:11.443 INFO  [http-nio-4040-exec-4] c.b.v.C.CategoryController - Devolviendo 1 categorias
2025-05-03 13:48:22.467 INFO  [http-nio-4040-exec-9] c.b.v.C.CategoryController - Devolviendo 1 categorias
2025-05-03 13:48:25.415 INFO  [http-nio-4040-exec-1] c.b.v.C.CategoryController - Devolviendo 1 categorias
2025-05-03 13:49:18.137 INFO  [http-nio-4040-exec-8] c.b.v.C.CategoryController - Devolviendo 1 categorias
2025-05-03 13:49:18.142 INFO  [http-nio-4040-exec-4] c.b.v.s.i.AccommodationService - Devolviendo 1 alojamientos random
2025-05-03 13:49:18.175 INFO  [http-nio-4040-exec-7] c.b.v.C.CategoryController - Devolviendo imagen: 20250502224156_beach-house-icon.png
2025-05-03 13:49:20.203 INFO  [http-nio-4040-exec-10] c.b.v.C.CategoryController - Devolviendo 1 categorias
2025-05-03 13:49:31.839 INFO  [http-nio-4040-exec-1] c.b.v.C.CategoryController - Devolviendo 1 categorias
2025-05-03 13:49:34.020 INFO  [http-nio-4040-exec-4] c.b.v.C.CategoryController - Devolviendo 1 categorias
2025-05-03 13:49:34.024 INFO  [http-nio-4040-exec-6] c.b.v.s.i.AccommodationService - Devolviendo 1 alojamientos random
2025-05-03 13:49:34.053 INFO  [http-nio-4040-exec-9] c.b.v.C.CategoryController - Devolviendo imagen: 20250502224156_beach-house-icon.png
2025-05-03 13:49:36.209 INFO  [http-nio-4040-exec-2] c.b.v.C.CategoryController - Devolviendo 1 categorias
2025-05-03 13:49:43.283 INFO  [http-nio-4040-exec-5] c.b.v.C.CategoryController - Devolviendo 1 categorias
2025-05-03 13:49:55.023 INFO  [http-nio-4040-exec-2] c.b.v.C.CategoryController - Devolviendo 1 categorias
2025-05-03 13:50:00.419 INFO  [http-nio-4040-exec-5] c.b.v.C.CategoryController - Devolviendo 1 categorias
2025-05-03 13:50:07.258 INFO  [http-nio-4040-exec-2] c.b.v.C.CategoryController - Devolviendo 1 categorias
2025-05-03 13:50:07.262 INFO  [http-nio-4040-exec-3] c.b.v.s.i.AccommodationService - Devolviendo 1 alojamientos random
2025-05-03 13:50:07.290 INFO  [http-nio-4040-exec-8] c.b.v.C.CategoryController - Devolviendo imagen: 20250502224156_beach-house-icon.png
2025-05-03 13:50:08.608 INFO  [http-nio-4040-exec-4] c.b.v.C.CategoryController - Devolviendo 1 categorias
2025-05-03 13:50:22.611 ERROR [http-nio-4040-exec-8] c.b.v.E.GlobalExceptionHandler - Argumento invalido: Invalid UUID string: San Fernando
2025-05-03 13:50:43.443 INFO  [http-nio-4040-exec-7] c.b.v.C.CategoryController - Devolviendo 1 categorias
2025-05-03 13:53:45.290 INFO  [http-nio-4040-exec-9] c.b.v.C.CategoryController - Devolviendo 1 categorias
2025-05-03 13:53:49.379 ERROR [http-nio-4040-exec-5] c.b.v.E.GlobalExceptionHandler - Argumento invalido: Invalid UUID string: San Fernando
2025-05-03 13:53:52.763 ERROR [http-nio-4040-exec-8] c.b.v.E.GlobalExceptionHandler - Argumento invalido: Invalid UUID string: San Fernando
2025-05-03 13:53:58.394 ERROR [http-nio-4040-exec-6] c.b.v.E.GlobalExceptionHandler - Argumento invalido: Invalid UUID string: San Fernando
2025-05-03 13:53:58.396 INFO  [http-nio-4040-exec-4] c.b.v.C.CategoryController - Devolviendo 1 categorias
2025-05-03 13:53:58.425 ERROR [http-nio-4040-exec-9] c.b.v.E.GlobalExceptionHandler - Argumento invalido: Invalid UUID string: San Fernando
2025-05-03 13:56:21.433 INFO  [http-nio-4040-exec-5] c.b.v.C.CategoryController - Devolviendo 1 categorias
2025-05-03 13:56:42.070 INFO  [http-nio-4040-exec-10] c.b.v.S.C.JwtAuthenticationFilter - Validando el token JWT para el usuario: carreramatias12@gmail.com
2025-05-03 13:56:42.085 INFO  [http-nio-4040-exec-10] c.b.v.s.i.UserService - Devolviendo informacion del dashboard
2025-05-03 13:56:42.085 INFO  [http-nio-4040-exec-10] c.b.v.C.UserController - Devolviendo la informacion del dashboard
2025-05-03 13:56:43.113 INFO  [http-nio-4040-exec-2] c.b.v.C.CategoryController - Devolviendo 1 categorias
2025-05-03 13:56:43.128 INFO  [http-nio-4040-exec-3] c.b.v.C.CategoryController - Devolviendo imagen: 20250502224156_beach-house-icon.png
2025-05-03 13:57:06.789 INFO  [http-nio-4040-exec-5] c.b.v.S.C.JwtAuthenticationFilter - Validando el token JWT para el usuario: carreramatias12@gmail.com
2025-05-03 13:57:06.912 INFO  [http-nio-4040-exec-5] c.b.v.s.i.CategoryService - Categoria guardada: Cabaña
2025-05-03 13:57:06.912 INFO  [http-nio-4040-exec-5] c.b.v.C.CategoryController - Categoria creada: Cabaña
2025-05-03 13:57:06.937 INFO  [http-nio-4040-exec-8] c.b.v.C.CategoryController - Devolviendo 2 categorias
2025-05-03 13:57:06.974 INFO  [http-nio-4040-exec-6] c.b.v.C.CategoryController - Devolviendo imagen: 20250502224156_beach-house-icon.png
2025-05-03 13:57:06.979 INFO  [http-nio-4040-exec-4] c.b.v.C.CategoryController - Devolviendo imagen: 20250503135706_hut-icon.svg
2025-05-03 13:57:09.340 INFO  [http-nio-4040-exec-10] c.b.v.C.CategoryController - Devolviendo 2 categorias
2025-05-03 13:57:09.341 INFO  [http-nio-4040-exec-2] c.b.v.C.AmenityController - Devolvieendo 1 amenities
2025-05-03 13:57:42.951 INFO  [http-nio-4040-exec-1] c.b.v.S.C.JwtAuthenticationFilter - Validando el token JWT para el usuario: carreramatias12@gmail.com
2025-05-03 13:57:43.019 INFO  [http-nio-4040-exec-1] c.b.v.s.i.AccommodationService - AccommodationSaveDTO(id=null, name=Casa 2, description=Casa 2, images=null, price=20000.0, address=AddressDTO(id=null, street=calle 2, city=San Fernando, country=Argentina), category_id=67c9ac71-e268-4f77-9104-173c0fa373eb, amenities=[7ce9f7ad-c5f5-4c7f-bfeb-7447845f14d3], policies=[AccommodationPolicy(id=null, policy=Irse a las 9, description=Irse a las 9)])
2025-05-03 13:57:43.023 INFO  [http-nio-4040-exec-1] c.b.v.s.i.AccommodationService - Guardando el alojamineto: Casa 2
2025-05-03 13:57:43.089 INFO  [http-nio-4040-exec-1] c.b.v.s.i.AccommodationService - El alojamiento para guardar: Accommodation(id=null, name=Casa 2, description=Casa 2, images=[AccommodationImage(id=null, url=20250503135743_hotel-catedral-campeche.jpg), AccommodationImage(id=null, url=20250503135743_habitacion_suite_1.png), AccommodationImage(id=null, url=20250503135743_habitacion_standard_2.jpeg), AccommodationImage(id=null, url=20250503135743_habitacion-matrimonial-1.jpg), AccommodationImage(id=null, url=20250503135743_habitacion-doble-1.jpg)], amenities=[Amenity(id=7ce9f7ad-c5f5-4c7f-bfeb-7447845f14d3, name=null, icon=null)], price=20000.0, category=Category(id=67c9ac71-e268-4f77-9104-173c0fa373eb, name=null, description=null, image=null, accommodations=null), address=Address(id=null, country=Argentina, city=San Fernando, street=calle 2), avgRating=null, policies=[AccommodationPolicy(id=null, policy=Irse a las 9, description=Irse a las 9)])
2025-05-03 13:57:43.121 INFO  [http-nio-4040-exec-1] c.b.v.s.i.AccommodationService - El alojamiento fue guardado: Casa 2
2025-05-03 13:57:45.351 INFO  [http-nio-4040-exec-7] c.b.v.S.C.JwtAuthenticationFilter - Validando el token JWT para el usuario: carreramatias12@gmail.com
2025-05-03 13:57:45.370 INFO  [http-nio-4040-exec-7] c.b.v.s.i.UserService - Devolviendo informacion del dashboard
2025-05-03 13:57:45.370 INFO  [http-nio-4040-exec-7] c.b.v.C.UserController - Devolviendo la informacion del dashboard
2025-05-03 13:57:46.744 INFO  [http-nio-4040-exec-9] c.b.v.C.CategoryController - Devolviendo 2 categorias
2025-05-03 13:57:46.751 INFO  [http-nio-4040-exec-10] c.b.v.s.i.AccommodationService - Devolviendo 2 alojamientos random
2025-05-03 13:57:46.783 INFO  [http-nio-4040-exec-3] c.b.v.C.CategoryController - Devolviendo imagen: 20250503135706_hut-icon.svg
2025-05-03 13:57:46.784 INFO  [http-nio-4040-exec-1] c.b.v.C.CategoryController - Devolviendo imagen: 20250502224156_beach-house-icon.png
2025-05-03 13:57:48.624 INFO  [http-nio-4040-exec-6] c.b.v.C.CategoryController - Devolviendo 2 categorias
2025-05-03 13:57:48.631 INFO  [http-nio-4040-exec-4] c.b.v.s.i.AccommodationService - Devolviendo 2 alojamientos random
2025-05-03 13:57:48.673 INFO  [http-nio-4040-exec-9] c.b.v.C.CategoryController - Devolviendo imagen: 20250503135706_hut-icon.svg
2025-05-03 13:57:48.673 INFO  [http-nio-4040-exec-10] c.b.v.C.CategoryController - Devolviendo imagen: 20250502224156_beach-house-icon.png
2025-05-03 13:57:50.896 INFO  [http-nio-4040-exec-1] c.b.v.C.CategoryController - Devolviendo 2 categorias
2025-05-03 13:57:50.904 INFO  [http-nio-4040-exec-5] c.b.v.s.i.AccommodationService - Devolviendo 2 alojamientos random
2025-05-03 13:57:50.943 INFO  [http-nio-4040-exec-6] c.b.v.C.CategoryController - Devolviendo imagen: 20250503135706_hut-icon.svg
2025-05-03 13:57:50.943 INFO  [http-nio-4040-exec-4] c.b.v.C.CategoryController - Devolviendo imagen: 20250502224156_beach-house-icon.png
2025-05-03 13:57:57.630 INFO  [http-nio-4040-exec-10] c.b.v.C.CategoryController - Devolviendo 2 categorias
2025-05-03 14:03:22.346 INFO  [http-nio-4040-exec-9] c.b.v.S.C.JwtAuthenticationFilter - Validando el token JWT para el usuario: carreramatias12@gmail.com
2025-05-03 14:03:22.368 INFO  [http-nio-4040-exec-9] c.b.v.s.i.UserService - Devolviendo informacion del dashboard
2025-05-03 14:03:22.368 INFO  [http-nio-4040-exec-9] c.b.v.C.UserController - Devolviendo la informacion del dashboard
2025-05-03 14:03:24.835 INFO  [http-nio-4040-exec-5] c.b.v.C.AmenityController - Devolvieendo 1 amenities
2025-05-03 14:03:24.835 INFO  [http-nio-4040-exec-1] c.b.v.C.CategoryController - Devolviendo 2 categorias
2025-05-03 14:04:18.151 INFO  [http-nio-4040-exec-4] c.b.v.C.CategoryController - Devolviendo 2 categorias
2025-05-03 14:04:20.885 INFO  [http-nio-4040-exec-10] c.b.v.S.C.JwtAuthenticationFilter - Validando el token JWT para el usuario: carreramatias12@gmail.com
2025-05-03 14:04:20.902 INFO  [http-nio-4040-exec-10] c.b.v.s.i.UserService - Devolviendo informacion del dashboard
2025-05-03 14:04:20.902 INFO  [http-nio-4040-exec-10] c.b.v.C.UserController - Devolviendo la informacion del dashboard
2025-05-03 14:04:23.961 INFO  [http-nio-4040-exec-2] c.b.v.C.CategoryController - Devolviendo 2 categorias
2025-05-03 14:04:23.979 INFO  [http-nio-4040-exec-3] c.b.v.C.CategoryController - Devolviendo imagen: 20250503135706_hut-icon.svg
2025-05-03 14:04:23.979 INFO  [http-nio-4040-exec-1] c.b.v.C.CategoryController - Devolviendo imagen: 20250502224156_beach-house-icon.png
2025-05-03 14:04:26.289 INFO  [http-nio-4040-exec-9] c.b.v.C.AmenityController - Devolvieendo 1 amenities
2025-05-03 14:04:26.289 INFO  [http-nio-4040-exec-7] c.b.v.C.CategoryController - Devolviendo 2 categorias
2025-05-03 14:04:29.431 INFO  [http-nio-4040-exec-4] c.b.v.S.C.JwtAuthenticationFilter - Validando el token JWT para el usuario: carreramatias12@gmail.com
2025-05-03 14:06:53.530 INFO  [http-nio-4040-exec-9] c.b.v.C.CategoryController - Devolviendo 2 categorias
2025-05-03 14:06:53.530 INFO  [http-nio-4040-exec-3] c.b.v.C.AmenityController - Devolvieendo 1 amenities
2025-05-03 14:07:40.722 INFO  [http-nio-4040-exec-7] c.b.v.S.C.JwtAuthenticationFilter - Validando el token JWT para el usuario: carreramatias12@gmail.com
2025-05-03 14:07:40.772 INFO  [http-nio-4040-exec-7] c.b.v.s.i.AccommodationService - AccommodationSaveDTO(id=null, name=Casa 3, description=Casa 3, images=null, price=4000.0, address=AddressDTO(id=null, street=calle 3, city=Bombinhas, country=Brasil), category_id=67c9ac71-e268-4f77-9104-173c0fa373eb, amenities=[7ce9f7ad-c5f5-4c7f-bfeb-7447845f14d3], policies=[AccommodationPolicy(id=null, policy=Irse a las 9, description=Irse a las 9), AccommodationPolicy(id=null, policy=LLegada a las 8, description=LLegada a las 8)])
2025-05-03 14:07:40.774 INFO  [http-nio-4040-exec-7] c.b.v.s.i.AccommodationService - Guardando el alojamineto: Casa 3
2025-05-03 14:07:40.786 INFO  [http-nio-4040-exec-7] c.b.v.s.i.AccommodationService - El alojamiento para guardar: Accommodation(id=null, name=Casa 3, description=Casa 3, images=[AccommodationImage(id=null, url=20250503140740_habitacion-matrimonial-1.jpg)], amenities=[Amenity(id=7ce9f7ad-c5f5-4c7f-bfeb-7447845f14d3, name=null, icon=null)], price=4000.0, category=Category(id=67c9ac71-e268-4f77-9104-173c0fa373eb, name=null, description=null, image=null, accommodations=null), address=Address(id=null, country=Brasil, city=Bombinhas, street=calle 3), avgRating=null, policies=[AccommodationPolicy(id=null, policy=Irse a las 9, description=Irse a las 9), AccommodationPolicy(id=null, policy=LLegada a las 8, description=LLegada a las 8)])
2025-05-03 14:07:40.795 INFO  [http-nio-4040-exec-7] c.b.v.s.i.AccommodationService - El alojamiento fue guardado: Casa 3
2025-05-03 14:07:42.238 INFO  [http-nio-4040-exec-8] c.b.v.C.CategoryController - Devolviendo 2 categorias
2025-05-03 14:07:42.248 INFO  [http-nio-4040-exec-6] c.b.v.s.i.AccommodationService - Devolviendo 3 alojamientos random
2025-05-03 14:07:42.282 INFO  [http-nio-4040-exec-1] c.b.v.C.CategoryController - Devolviendo imagen: 20250503135706_hut-icon.svg
2025-05-03 14:07:42.284 INFO  [http-nio-4040-exec-5] c.b.v.C.CategoryController - Devolviendo imagen: 20250502224156_beach-house-icon.png
2025-05-03 14:07:44.413 INFO  [http-nio-4040-exec-2] c.b.v.C.CategoryController - Devolviendo 2 categorias
2025-05-03 14:07:44.421 INFO  [http-nio-4040-exec-4] c.b.v.s.i.AccommodationService - Devolviendo 3 alojamientos random
2025-05-03 14:07:44.464 INFO  [http-nio-4040-exec-6] c.b.v.C.CategoryController - Devolviendo imagen: 20250503135706_hut-icon.svg
2025-05-03 14:07:44.465 INFO  [http-nio-4040-exec-3] c.b.v.C.CategoryController - Devolviendo imagen: 20250502224156_beach-house-icon.png
2025-05-03 14:07:46.416 INFO  [http-nio-4040-exec-5] c.b.v.C.CategoryController - Devolviendo 2 categorias
2025-05-03 14:07:46.424 INFO  [http-nio-4040-exec-9] c.b.v.s.i.AccommodationService - Devolviendo 3 alojamientos random
2025-05-03 14:07:46.464 INFO  [http-nio-4040-exec-8] c.b.v.C.CategoryController - Devolviendo imagen: 20250502224156_beach-house-icon.png
2025-05-03 14:07:46.464 INFO  [http-nio-4040-exec-4] c.b.v.C.CategoryController - Devolviendo imagen: 20250503135706_hut-icon.svg
2025-05-03 14:07:47.975 INFO  [http-nio-4040-exec-1] c.b.v.C.CategoryController - Devolviendo 2 categorias
2025-05-03 14:07:47.985 INFO  [http-nio-4040-exec-10] c.b.v.s.i.AccommodationService - Devolviendo 3 alojamientos random
2025-05-03 14:07:48.025 INFO  [http-nio-4040-exec-2] c.b.v.C.CategoryController - Devolviendo imagen: 20250502224156_beach-house-icon.png
2025-05-03 14:07:48.025 INFO  [http-nio-4040-exec-9] c.b.v.C.CategoryController - Devolviendo imagen: 20250503135706_hut-icon.svg
2025-05-03 14:07:49.107 INFO  [http-nio-4040-exec-7] c.b.v.C.CategoryController - Devolviendo 2 categorias
2025-05-03 14:07:49.117 INFO  [http-nio-4040-exec-6] c.b.v.s.i.AccommodationService - Devolviendo 3 alojamientos random
2025-05-03 14:07:49.155 INFO  [http-nio-4040-exec-10] c.b.v.C.CategoryController - Devolviendo imagen: 20250503135706_hut-icon.svg
2025-05-03 14:07:49.155 INFO  [http-nio-4040-exec-5] c.b.v.C.CategoryController - Devolviendo imagen: 20250502224156_beach-house-icon.png
2025-05-03 14:07:50.321 INFO  [http-nio-4040-exec-3] c.b.v.C.CategoryController - Devolviendo 2 categorias
2025-05-03 14:07:50.330 INFO  [http-nio-4040-exec-8] c.b.v.s.i.AccommodationService - Devolviendo 3 alojamientos random
2025-05-03 14:07:50.371 INFO  [http-nio-4040-exec-1] c.b.v.C.CategoryController - Devolviendo imagen: 20250502224156_beach-house-icon.png
2025-05-03 14:07:50.371 INFO  [http-nio-4040-exec-6] c.b.v.C.CategoryController - Devolviendo imagen: 20250503135706_hut-icon.svg
2025-05-03 14:08:02.999 INFO  [http-nio-4040-exec-4] c.b.v.C.CategoryController - Devolviendo 2 categorias
2025-05-03 14:08:03.009 INFO  [http-nio-4040-exec-9] c.b.v.s.i.AccommodationService - Devolviendo 3 alojamientos random
2025-05-03 14:08:03.049 INFO  [http-nio-4040-exec-7] c.b.v.C.CategoryController - Devolviendo imagen: 20250502224156_beach-house-icon.png
2025-05-03 14:08:03.049 INFO  [http-nio-4040-exec-8] c.b.v.C.CategoryController - Devolviendo imagen: 20250503135706_hut-icon.svg
2025-05-03 14:08:04.176 INFO  [http-nio-4040-exec-2] c.b.v.C.CategoryController - Devolviendo 2 categorias
2025-05-03 14:08:04.185 INFO  [http-nio-4040-exec-5] c.b.v.s.i.AccommodationService - Devolviendo 3 alojamientos random
2025-05-03 14:08:04.225 INFO  [http-nio-4040-exec-9] c.b.v.C.CategoryController - Devolviendo imagen: 20250503135706_hut-icon.svg
2025-05-03 14:08:04.225 INFO  [http-nio-4040-exec-3] c.b.v.C.CategoryController - Devolviendo imagen: 20250502224156_beach-house-icon.png
2025-05-03 14:09:05.127 INFO  [http-nio-4040-exec-1] c.b.v.s.i.AccommodationService - Devolviendo 3 alojamientos random
2025-05-03 14:09:07.603 INFO  [http-nio-4040-exec-8] c.b.v.s.i.AccommodationService - Devolviendo 3 alojamientos random
2025-05-03 14:09:14.791 INFO  [http-nio-4040-exec-10] c.b.v.s.i.AccommodationService - Devolviendo 3 alojamientos random
2025-05-03 14:18:01.873 INFO  [main] c.b.v.VelyoBackendApplication - Starting VelyoBackendApplication using Java 24.0.1 with PID 24360 (C:\Users\Mati\Desktop\Velyo-professional-developer\velyo_backend\target\classes started by Mati in C:\Users\Mati\Desktop\Velyo-professional-developer\velyo_backend)
2025-05-03 14:18:01.881 INFO  [main] c.b.v.VelyoBackendApplication - No active profile set, falling back to 1 default profile: "default"
2025-05-03 14:18:03.434 INFO  [main] o.a.c.h.Http11NioProtocol - Initializing ProtocolHandler ["http-nio-4040"]
2025-05-03 14:18:03.436 INFO  [main] o.a.c.c.StandardService - Starting service [Tomcat]
2025-05-03 14:18:03.436 INFO  [main] o.a.c.c.StandardEngine - Starting Servlet engine: [Apache Tomcat/10.1.39]
2025-05-03 14:18:03.498 INFO  [main] o.a.c.c.C.[.[.[/] - Initializing Spring embedded WebApplicationContext
2025-05-03 14:18:07.452 INFO  [main] o.a.c.c.StandardService - Stopping service [Tomcat]
2025-05-03 14:22:21.283 INFO  [main] c.b.v.VelyoBackendApplication - Starting VelyoBackendApplication using Java 24.0.1 with PID 7084 (C:\Users\Mati\Desktop\Velyo-professional-developer\velyo_backend\target\classes started by Mati in C:\Users\Mati\Desktop\Velyo-professional-developer\velyo_backend)
2025-05-03 14:22:21.293 INFO  [main] c.b.v.VelyoBackendApplication - No active profile set, falling back to 1 default profile: "default"
2025-05-03 14:22:22.888 INFO  [main] o.a.c.h.Http11NioProtocol - Initializing ProtocolHandler ["http-nio-4040"]
2025-05-03 14:22:22.889 INFO  [main] o.a.c.c.StandardService - Starting service [Tomcat]
2025-05-03 14:22:22.889 INFO  [main] o.a.c.c.StandardEngine - Starting Servlet engine: [Apache Tomcat/10.1.39]
2025-05-03 14:22:22.951 INFO  [main] o.a.c.c.C.[.[.[/] - Initializing Spring embedded WebApplicationContext
2025-05-03 14:22:26.743 INFO  [main] o.a.c.c.StandardService - Stopping service [Tomcat]
2025-05-03 14:24:41.076 INFO  [main] c.b.v.VelyoBackendApplication - Starting VelyoBackendApplication using Java 24.0.1 with PID 22268 (C:\Users\Mati\Desktop\Velyo-professional-developer\velyo_backend\target\classes started by Mati in C:\Users\Mati\Desktop\Velyo-professional-developer\velyo_backend)
2025-05-03 14:24:41.085 INFO  [main] c.b.v.VelyoBackendApplication - No active profile set, falling back to 1 default profile: "default"
2025-05-03 14:24:42.607 INFO  [main] o.a.c.h.Http11NioProtocol - Initializing ProtocolHandler ["http-nio-4040"]
2025-05-03 14:24:42.609 INFO  [main] o.a.c.c.StandardService - Starting service [Tomcat]
2025-05-03 14:24:42.609 INFO  [main] o.a.c.c.StandardEngine - Starting Servlet engine: [Apache Tomcat/10.1.39]
2025-05-03 14:24:42.666 INFO  [main] o.a.c.c.C.[.[.[/] - Initializing Spring embedded WebApplicationContext
2025-05-03 14:24:47.400 INFO  [main] o.a.c.h.Http11NioProtocol - Starting ProtocolHandler ["http-nio-4040"]
2025-05-03 14:24:47.429 INFO  [main] c.b.v.VelyoBackendApplication - Started VelyoBackendApplication in 6.656 seconds (process running for 7.46)
2025-05-03 14:27:36.139 INFO  [main] c.b.v.VelyoBackendApplication - Starting VelyoBackendApplication using Java 24.0.1 with PID 17888 (C:\Users\Mati\Desktop\Velyo-professional-developer\velyo_backend\target\classes started by Mati in C:\Users\Mati\Desktop\Velyo-professional-developer\velyo_backend)
2025-05-03 14:27:36.148 INFO  [main] c.b.v.VelyoBackendApplication - No active profile set, falling back to 1 default profile: "default"
2025-05-03 14:27:37.655 INFO  [main] o.a.c.h.Http11NioProtocol - Initializing ProtocolHandler ["http-nio-4040"]
2025-05-03 14:27:37.657 INFO  [main] o.a.c.c.StandardService - Starting service [Tomcat]
2025-05-03 14:27:37.657 INFO  [main] o.a.c.c.StandardEngine - Starting Servlet engine: [Apache Tomcat/10.1.39]
2025-05-03 14:27:37.713 INFO  [main] o.a.c.c.C.[.[.[/] - Initializing Spring embedded WebApplicationContext
2025-05-03 14:27:42.285 INFO  [main] o.a.c.h.Http11NioProtocol - Starting ProtocolHandler ["http-nio-4040"]
2025-05-03 14:27:42.311 INFO  [main] c.b.v.VelyoBackendApplication - Started VelyoBackendApplication in 6.47 seconds (process running for 7.254)
2025-05-03 14:27:45.767 INFO  [http-nio-4040-exec-1] o.a.c.c.C.[.[.[/] - Initializing Spring DispatcherServlet 'dispatcherServlet'
2025-05-03 14:32:07.651 INFO  [main] c.b.v.VelyoBackendApplication - Starting VelyoBackendApplication using Java 24.0.1 with PID 27588 (C:\Users\Mati\Desktop\Velyo-professional-developer\velyo_backend\target\classes started by Mati in C:\Users\Mati\Desktop\Velyo-professional-developer\velyo_backend)
2025-05-03 14:32:07.659 INFO  [main] c.b.v.VelyoBackendApplication - No active profile set, falling back to 1 default profile: "default"
2025-05-03 14:32:09.197 INFO  [main] o.a.c.h.Http11NioProtocol - Initializing ProtocolHandler ["http-nio-4040"]
2025-05-03 14:32:09.198 INFO  [main] o.a.c.c.StandardService - Starting service [Tomcat]
2025-05-03 14:32:09.199 INFO  [main] o.a.c.c.StandardEngine - Starting Servlet engine: [Apache Tomcat/10.1.39]
2025-05-03 14:32:09.256 INFO  [main] o.a.c.c.C.[.[.[/] - Initializing Spring embedded WebApplicationContext
2025-05-03 14:32:13.874 INFO  [main] o.a.c.h.Http11NioProtocol - Starting ProtocolHandler ["http-nio-4040"]
2025-05-03 14:32:13.905 INFO  [main] c.b.v.VelyoBackendApplication - Started VelyoBackendApplication in 6.548 seconds (process running for 7.332)
2025-05-03 14:32:18.572 INFO  [http-nio-4040-exec-3] o.a.c.c.C.[.[.[/] - Initializing Spring DispatcherServlet 'dispatcherServlet'
2025-05-03 14:32:18.751 INFO  [http-nio-4040-exec-3] c.b.v.C.CategoryController - Devolviendo 2 categorias
2025-05-03 14:32:18.858 INFO  [http-nio-4040-exec-4] c.b.v.C.CategoryController - Devolviendo imagen: 20250503135706_hut-icon.svg
2025-05-03 14:32:18.858 INFO  [http-nio-4040-exec-5] c.b.v.C.CategoryController - Devolviendo imagen: 20250502224156_beach-house-icon.png
2025-05-03 14:32:20.882 INFO  [http-nio-4040-exec-9] c.b.v.C.CategoryController - Devolviendo 2 categorias
2025-05-03 14:32:20.942 INFO  [http-nio-4040-exec-1] c.b.v.C.CategoryController - Devolviendo imagen: 20250503135706_hut-icon.svg
2025-05-03 14:32:20.942 INFO  [http-nio-4040-exec-2] c.b.v.C.CategoryController - Devolviendo imagen: 20250502224156_beach-house-icon.png
2025-05-03 14:32:22.913 INFO  [http-nio-4040-exec-4] c.b.v.C.CategoryController - Devolviendo 2 categorias
2025-05-03 14:32:22.969 INFO  [http-nio-4040-exec-3] c.b.v.C.CategoryController - Devolviendo imagen: 20250502224156_beach-house-icon.png
2025-05-03 14:32:22.969 INFO  [http-nio-4040-exec-10] c.b.v.C.CategoryController - Devolviendo imagen: 20250503135706_hut-icon.svg
2025-05-03 14:32:24.750 INFO  [http-nio-4040-exec-5] c.b.v.C.CategoryController - Devolviendo 2 categorias
2025-05-03 14:32:24.805 INFO  [http-nio-4040-exec-9] c.b.v.C.CategoryController - Devolviendo imagen: 20250502224156_beach-house-icon.png
2025-05-03 14:32:24.805 INFO  [http-nio-4040-exec-7] c.b.v.C.CategoryController - Devolviendo imagen: 20250503135706_hut-icon.svg
2025-05-03 14:32:26.318 INFO  [http-nio-4040-exec-8] c.b.v.C.CategoryController - Devolviendo 2 categorias
2025-05-03 14:32:26.379 INFO  [http-nio-4040-exec-4] c.b.v.C.CategoryController - Devolviendo imagen: 20250502224156_beach-house-icon.png
2025-05-03 14:32:26.379 INFO  [http-nio-4040-exec-6] c.b.v.C.CategoryController - Devolviendo imagen: 20250503135706_hut-icon.svg
2025-05-03 14:33:18.254 INFO  [main] c.b.v.VelyoBackendApplication - Starting VelyoBackendApplication using Java 24.0.1 with PID 10448 (C:\Users\Mati\Desktop\Velyo-professional-developer\velyo_backend\target\classes started by Mati in C:\Users\Mati\Desktop\Velyo-professional-developer\velyo_backend)
2025-05-03 14:33:18.264 INFO  [main] c.b.v.VelyoBackendApplication - No active profile set, falling back to 1 default profile: "default"
2025-05-03 14:33:19.791 INFO  [main] o.a.c.h.Http11NioProtocol - Initializing ProtocolHandler ["http-nio-4040"]
2025-05-03 14:33:19.792 INFO  [main] o.a.c.c.StandardService - Starting service [Tomcat]
2025-05-03 14:33:19.793 INFO  [main] o.a.c.c.StandardEngine - Starting Servlet engine: [Apache Tomcat/10.1.39]
2025-05-03 14:33:19.850 INFO  [main] o.a.c.c.C.[.[.[/] - Initializing Spring embedded WebApplicationContext
2025-05-03 14:33:24.504 INFO  [main] o.a.c.h.Http11NioProtocol - Starting ProtocolHandler ["http-nio-4040"]
2025-05-03 14:33:24.530 INFO  [main] c.b.v.VelyoBackendApplication - Started VelyoBackendApplication in 6.573 seconds (process running for 7.348)
2025-05-03 14:33:27.868 INFO  [http-nio-4040-exec-1] o.a.c.c.C.[.[.[/] - Initializing Spring DispatcherServlet 'dispatcherServlet'
2025-05-03 14:33:28.064 INFO  [http-nio-4040-exec-1] c.b.v.s.i.AccommodationService - Devolviendo 3 alojamientos random
2025-05-03 14:33:29.333 INFO  [http-nio-4040-exec-4] c.b.v.s.i.AccommodationService - Devolviendo 3 alojamientos random
2025-05-03 14:33:31.099 INFO  [http-nio-4040-exec-3] c.b.v.s.i.AccommodationService - Devolviendo 3 alojamientos random
2025-05-03 14:33:36.111 INFO  [http-nio-4040-exec-5] c.b.v.s.i.AccommodationService - Devolviendo 3 alojamientos random
