2025-04-19 18:24:08.936 INFO  [main] c.b.v.VelyoBackendApplication - Starting VelyoBackendApplication using Java 22.0.2 with PID 41520 (C:\Users\Mati\Desktop\Velyo-professional-developer\velyo_backend\target\classes started by Mati in C:\Users\Mati\Desktop\Velyo-professional-developer\velyo_backend)
2025-04-19 18:24:08.953 INFO  [main] c.b.v.VelyoBackendApplication - No active profile set, falling back to 1 default profile: "default"
2025-04-19 18:24:10.942 INFO  [main] o.a.c.h.Http11NioProtocol - Initializing ProtocolHandler ["http-nio-4040"]
2025-04-19 18:24:10.944 INFO  [main] o.a.c.c.StandardService - Starting service [Tomcat]
2025-04-19 18:24:10.944 INFO  [main] o.a.c.c.StandardEngine - Starting Servlet engine: [Apache Tomcat/10.1.39]
2025-04-19 18:24:11.003 INFO  [main] o.a.c.c.C.[.[.[/] - Initializing Spring embedded WebApplicationContext
2025-04-19 18:24:18.327 INFO  [main] o.a.c.h.Http11NioProtocol - Starting ProtocolHandler ["http-nio-4040"]
2025-04-19 18:24:18.378 INFO  [main] c.b.v.VelyoBackendApplication - Started VelyoBackendApplication in 9.897 seconds (process running for 14.012)
2025-04-19 19:21:32.681 INFO  [http-nio-4040-exec-2] o.a.c.c.C.[.[.[/] - Initializing Spring DispatcherServlet 'dispatcherServlet'
2025-04-19 19:21:32.935 INFO  [http-nio-4040-exec-3] c.b.v.S.C.JwtAuthenticationFilter - Validando el token JWT para el usuario: pamelamanarin89@gmail.com
2025-04-19 19:21:33.259 INFO  [http-nio-4040-exec-3] c.b.v.s.i.UserService - Devolviendo informacion del dashboard
2025-04-19 19:21:33.260 INFO  [http-nio-4040-exec-3] c.b.v.C.UserController - Devolviendo la informacion del dashboard
2025-04-19 19:21:33.323 INFO  [http-nio-4040-exec-6] c.b.v.S.C.JwtAuthenticationFilter - Validando el token JWT para el usuario: pamelamanarin89@gmail.com
2025-04-19 19:21:33.352 INFO  [http-nio-4040-exec-6] c.b.v.s.i.UserService - Devolviendo informacion del dashboard
2025-04-19 19:21:33.352 INFO  [http-nio-4040-exec-6] c.b.v.C.UserController - Devolviendo la informacion del dashboard
2025-04-19 19:21:35.733 INFO  [http-nio-4040-exec-4] c.b.v.C.CategoryController - Devolviendo 0 categorias
2025-04-19 19:21:35.748 INFO  [http-nio-4040-exec-9] c.b.v.C.CategoryController - Devolviendo 0 categorias
2025-04-19 19:23:00.457 INFO  [http-nio-4040-exec-10] c.b.v.C.CategoryController - Devolviendo 0 categorias
2025-04-19 19:23:00.466 INFO  [http-nio-4040-exec-5] c.b.v.C.CategoryController - Devolviendo 0 categorias
2025-04-19 19:23:36.433 INFO  [http-nio-4040-exec-1] c.b.v.C.CategoryController - Devolviendo 0 categorias
2025-04-19 19:23:36.442 INFO  [http-nio-4040-exec-2] c.b.v.C.CategoryController - Devolviendo 0 categorias
2025-04-19 19:24:25.764 INFO  [http-nio-4040-exec-3] c.b.v.C.CategoryController - Devolviendo 0 categorias
2025-04-19 19:24:25.775 INFO  [http-nio-4040-exec-6] c.b.v.C.CategoryController - Devolviendo 0 categorias
2025-04-19 19:25:04.445 INFO  [http-nio-4040-exec-4] c.b.v.C.CategoryController - Devolviendo 0 categorias
2025-04-19 19:25:04.453 INFO  [http-nio-4040-exec-9] c.b.v.C.CategoryController - Devolviendo 0 categorias
2025-04-19 19:25:07.984 INFO  [http-nio-4040-exec-7] c.b.v.C.CategoryController - Devolviendo 0 categorias
2025-04-19 19:25:07.993 INFO  [http-nio-4040-exec-8] c.b.v.C.CategoryController - Devolviendo 0 categorias
2025-04-19 19:26:11.480 INFO  [http-nio-4040-exec-1] c.b.v.C.CategoryController - Devolviendo 0 categorias
2025-04-19 19:26:11.490 INFO  [http-nio-4040-exec-2] c.b.v.C.CategoryController - Devolviendo 0 categorias
2025-04-19 19:33:33.432 INFO  [http-nio-4040-exec-9] c.b.v.S.C.JwtAuthenticationFilter - Validando el token JWT para el usuario: pamelamanarin89@gmail.com
2025-04-19 19:33:33.613 INFO  [http-nio-4040-exec-9] c.b.v.s.i.CategoryService - Categoria guardada: Cabaña
2025-04-19 19:33:33.613 INFO  [http-nio-4040-exec-9] c.b.v.C.CategoryController - Categoria creada: Cabaña
2025-04-19 19:33:33.640 INFO  [http-nio-4040-exec-7] c.b.v.C.CategoryController - Devolviendo 1 categorias
2025-04-19 19:34:10.499 INFO  [http-nio-4040-exec-10] c.b.v.C.CategoryController - Devolviendo 1 categorias
2025-04-19 19:34:10.513 INFO  [http-nio-4040-exec-5] c.b.v.C.CategoryController - Devolviendo 1 categorias
2025-04-19 19:37:45.097 INFO  [main] c.b.v.VelyoBackendApplication - Starting VelyoBackendApplication using Java 22.0.2 with PID 22644 (C:\Users\Mati\Desktop\Velyo-professional-developer\velyo_backend\target\classes started by Mati in C:\Users\Mati\Desktop\Velyo-professional-developer\velyo_backend)
2025-04-19 19:37:45.104 INFO  [main] c.b.v.VelyoBackendApplication - No active profile set, falling back to 1 default profile: "default"
2025-04-19 19:37:46.636 INFO  [main] o.a.c.h.Http11NioProtocol - Initializing ProtocolHandler ["http-nio-4040"]
2025-04-19 19:37:46.638 INFO  [main] o.a.c.c.StandardService - Starting service [Tomcat]
2025-04-19 19:37:46.638 INFO  [main] o.a.c.c.StandardEngine - Starting Servlet engine: [Apache Tomcat/10.1.39]
2025-04-19 19:37:46.701 INFO  [main] o.a.c.c.C.[.[.[/] - Initializing Spring embedded WebApplicationContext
2025-04-19 19:37:51.303 INFO  [main] o.a.c.h.Http11NioProtocol - Starting ProtocolHandler ["http-nio-4040"]
2025-04-19 19:37:51.333 INFO  [main] c.b.v.VelyoBackendApplication - Started VelyoBackendApplication in 6.576 seconds (process running for 7.292)
2025-04-19 19:37:57.026 INFO  [http-nio-4040-exec-1] o.a.c.c.C.[.[.[/] - Initializing Spring DispatcherServlet 'dispatcherServlet'
2025-04-19 19:37:57.182 INFO  [http-nio-4040-exec-1] c.b.v.C.CategoryController - Devolviendo 1 categorias
2025-04-19 19:37:57.246 INFO  [http-nio-4040-exec-2] c.b.v.C.CategoryController - Devolviendo 1 categorias
2025-04-19 19:45:37.205 INFO  [http-nio-4040-exec-1] c.b.v.S.C.JwtAuthenticationFilter - Validando el token JWT para el usuario: carreramatias12@gmail.com
2025-04-19 19:45:41.107 INFO  [http-nio-4040-exec-2] c.b.v.S.C.JwtAuthenticationFilter - Validando el token JWT para el usuario: carreramatias12@gmail.com
2025-04-19 19:45:57.649 INFO  [http-nio-4040-exec-3] c.b.v.S.C.JwtAuthenticationFilter - Validando el token JWT para el usuario: carreramatias12@gmail.com
2025-04-19 19:45:57.657 ERROR [http-nio-4040-exec-3] c.b.v.s.i.CategoryService - Imagen no encontrada: 20250419193333_hut-icon
2025-04-19 19:45:57.658 ERROR [http-nio-4040-exec-3] c.b.v.E.GlobalExceptionHandler - Recurso no encontrado: Imagen no encontrada: 20250419193333_hut-icon
2025-04-19 19:46:05.488 INFO  [http-nio-4040-exec-6] c.b.v.S.C.JwtAuthenticationFilter - Validando el token JWT para el usuario: carreramatias12@gmail.com
2025-04-19 19:46:05.494 INFO  [http-nio-4040-exec-6] c.b.v.C.CategoryController - Devolviendo imagen: 20250419193333_hut-icon.svg
2025-04-19 19:46:52.550 INFO  [main] c.b.v.VelyoBackendApplication - Starting VelyoBackendApplication using Java 22.0.2 with PID 21880 (C:\Users\Mati\Desktop\Velyo-professional-developer\velyo_backend\target\classes started by Mati in C:\Users\Mati\Desktop\Velyo-professional-developer\velyo_backend)
2025-04-19 19:46:52.557 INFO  [main] c.b.v.VelyoBackendApplication - No active profile set, falling back to 1 default profile: "default"
2025-04-19 19:46:54.119 INFO  [main] o.a.c.h.Http11NioProtocol - Initializing ProtocolHandler ["http-nio-4040"]
2025-04-19 19:46:54.122 INFO  [main] o.a.c.c.StandardService - Starting service [Tomcat]
2025-04-19 19:46:54.122 INFO  [main] o.a.c.c.StandardEngine - Starting Servlet engine: [Apache Tomcat/10.1.39]
2025-04-19 19:46:54.183 INFO  [main] o.a.c.c.C.[.[.[/] - Initializing Spring embedded WebApplicationContext
2025-04-19 19:46:58.825 INFO  [main] o.a.c.h.Http11NioProtocol - Starting ProtocolHandler ["http-nio-4040"]
2025-04-19 19:46:58.854 INFO  [main] c.b.v.VelyoBackendApplication - Started VelyoBackendApplication in 6.657 seconds (process running for 7.381)
2025-04-19 19:47:01.782 INFO  [http-nio-4040-exec-1] o.a.c.c.C.[.[.[/] - Initializing Spring DispatcherServlet 'dispatcherServlet'
2025-04-19 19:47:01.895 INFO  [http-nio-4040-exec-1] c.b.v.S.C.JwtAuthenticationFilter - Validando el token JWT para el usuario: carreramatias12@gmail.com
2025-04-19 19:47:02.026 INFO  [http-nio-4040-exec-1] c.b.v.C.CategoryController - Devolviendo images: 20250419193333_hut-icon.svg
2025-04-19 19:47:38.110 INFO  [main] c.b.v.VelyoBackendApplication - Starting VelyoBackendApplication using Java 22.0.2 with PID 27412 (C:\Users\Mati\Desktop\Velyo-professional-developer\velyo_backend\target\classes started by Mati in C:\Users\Mati\Desktop\Velyo-professional-developer\velyo_backend)
2025-04-19 19:47:38.118 INFO  [main] c.b.v.VelyoBackendApplication - No active profile set, falling back to 1 default profile: "default"
2025-04-19 19:47:39.689 INFO  [main] o.a.c.h.Http11NioProtocol - Initializing ProtocolHandler ["http-nio-4040"]
2025-04-19 19:47:39.692 INFO  [main] o.a.c.c.StandardService - Starting service [Tomcat]
2025-04-19 19:47:39.692 INFO  [main] o.a.c.c.StandardEngine - Starting Servlet engine: [Apache Tomcat/10.1.39]
2025-04-19 19:47:39.758 INFO  [main] o.a.c.c.C.[.[.[/] - Initializing Spring embedded WebApplicationContext
2025-04-19 19:47:44.363 INFO  [main] o.a.c.h.Http11NioProtocol - Starting ProtocolHandler ["http-nio-4040"]
2025-04-19 19:47:44.392 INFO  [main] c.b.v.VelyoBackendApplication - Started VelyoBackendApplication in 6.631 seconds (process running for 7.353)
2025-04-19 19:47:48.200 INFO  [http-nio-4040-exec-1] o.a.c.c.C.[.[.[/] - Initializing Spring DispatcherServlet 'dispatcherServlet'
2025-04-19 19:47:48.305 INFO  [http-nio-4040-exec-1] c.b.v.S.C.JwtAuthenticationFilter - Validando el token JWT para el usuario: carreramatias12@gmail.com
2025-04-19 19:47:48.435 INFO  [http-nio-4040-exec-1] c.b.v.C.CategoryController - Devolviendo imagen: 20250419193333_hut-icon.svg
2025-04-19 19:47:57.656 INFO  [http-nio-4040-exec-3] c.b.v.C.CategoryController - Devolviendo 1 categorias
2025-04-19 19:47:57.703 INFO  [http-nio-4040-exec-4] c.b.v.C.CategoryController - Devolviendo 1 categorias
2025-04-19 20:45:44.728 INFO  [http-nio-4040-exec-10] c.b.v.C.CategoryController - Devolviendo 1 categorias
2025-04-19 20:45:44.738 INFO  [http-nio-4040-exec-2] c.b.v.C.CategoryController - Devolviendo 1 categorias
2025-04-19 20:45:53.141 INFO  [main] c.b.v.VelyoBackendApplication - Starting VelyoBackendApplication using Java 22.0.2 with PID 14428 (C:\Users\Mati\Desktop\Velyo-professional-developer\velyo_backend\target\classes started by Mati in C:\Users\Mati\Desktop\Velyo-professional-developer\velyo_backend)
2025-04-19 20:45:53.148 INFO  [main] c.b.v.VelyoBackendApplication - No active profile set, falling back to 1 default profile: "default"
2025-04-19 20:45:54.801 INFO  [main] o.a.c.h.Http11NioProtocol - Initializing ProtocolHandler ["http-nio-4040"]
2025-04-19 20:45:54.803 INFO  [main] o.a.c.c.StandardService - Starting service [Tomcat]
2025-04-19 20:45:54.804 INFO  [main] o.a.c.c.StandardEngine - Starting Servlet engine: [Apache Tomcat/10.1.39]
2025-04-19 20:45:54.865 INFO  [main] o.a.c.c.C.[.[.[/] - Initializing Spring embedded WebApplicationContext
2025-04-19 20:45:59.544 INFO  [main] o.a.c.h.Http11NioProtocol - Starting ProtocolHandler ["http-nio-4040"]
2025-04-19 20:45:59.577 INFO  [main] c.b.v.VelyoBackendApplication - Started VelyoBackendApplication in 6.801 seconds (process running for 7.534)
2025-04-19 20:46:03.829 INFO  [http-nio-4040-exec-1] o.a.c.c.C.[.[.[/] - Initializing Spring DispatcherServlet 'dispatcherServlet'
2025-04-19 20:46:03.983 INFO  [http-nio-4040-exec-1] c.b.v.C.CategoryController - Devolviendo 1 categorias
2025-04-19 20:46:04.046 INFO  [http-nio-4040-exec-2] c.b.v.C.CategoryController - Devolviendo 1 categorias
2025-04-19 20:46:04.057 INFO  [http-nio-4040-exec-3] c.b.v.C.CategoryController - Devolviendo imagen: 20250419193333_hut-icon.svg
