2025-04-21 10:09:50.570 INFO  [main] c.b.v.VelyoBackendApplication - Starting VelyoBackendApplication using Java 22.0.2 with PID 13092 (C:\Users\Mati\Desktop\Velyo-professional-developer\velyo_backend\target\classes started by Mati in C:\Users\Mati\Desktop\Velyo-professional-developer\velyo_backend)
2025-04-21 10:09:50.585 INFO  [main] c.b.v.VelyoBackendApplication - No active profile set, falling back to 1 default profile: "default"
2025-04-21 10:09:52.304 INFO  [main] o.a.c.h.Http11NioProtocol - Initializing ProtocolHandler ["http-nio-4040"]
2025-04-21 10:09:52.306 INFO  [main] o.a.c.c.StandardService - Starting service [Tomcat]
2025-04-21 10:09:52.307 INFO  [main] o.a.c.c.StandardEngine - Starting Servlet engine: [Apache Tomcat/10.1.39]
2025-04-21 10:09:52.371 INFO  [main] o.a.c.c.C.[.[.[/] - Initializing Spring embedded WebApplicationContext
2025-04-21 10:09:57.304 INFO  [main] o.a.c.h.Http11NioProtocol - Starting ProtocolHandler ["http-nio-4040"]
2025-04-21 10:09:57.333 INFO  [main] c.b.v.VelyoBackendApplication - Started VelyoBackendApplication in 7.143 seconds (process running for 10.56)
2025-04-21 10:11:52.401 INFO  [http-nio-4040-exec-1] o.a.c.c.C.[.[.[/] - Initializing Spring DispatcherServlet 'dispatcherServlet'
2025-04-21 10:11:52.576 INFO  [http-nio-4040-exec-3] c.b.v.S.C.JwtAuthenticationFilter - Validando el token JWT para el usuario: carreramatias12@gmail.com
2025-04-21 10:11:52.814 INFO  [http-nio-4040-exec-3] c.b.v.s.i.UserService - Devolviendo informacion del dashboard
2025-04-21 10:11:52.816 INFO  [http-nio-4040-exec-3] c.b.v.C.UserController - Devolviendo la informacion del dashboard
2025-04-21 10:11:52.856 INFO  [http-nio-4040-exec-4] c.b.v.S.C.JwtAuthenticationFilter - Validando el token JWT para el usuario: carreramatias12@gmail.com
2025-04-21 10:11:52.882 INFO  [http-nio-4040-exec-4] c.b.v.s.i.UserService - Devolviendo informacion del dashboard
2025-04-21 10:11:52.882 INFO  [http-nio-4040-exec-4] c.b.v.C.UserController - Devolviendo la informacion del dashboard
2025-04-21 10:11:53.832 INFO  [http-nio-4040-exec-7] c.b.v.S.C.JwtAuthenticationFilter - Validando el token JWT para el usuario: carreramatias12@gmail.com
2025-04-21 10:11:53.875 INFO  [http-nio-4040-exec-7] c.b.v.s.i.UserService - Encontrados 10 usuarios
2025-04-21 10:11:53.875 INFO  [http-nio-4040-exec-7] c.b.v.C.UserController - Devolviendo 10 users
2025-04-21 10:11:53.891 INFO  [http-nio-4040-exec-8] c.b.v.S.C.JwtAuthenticationFilter - Validando el token JWT para el usuario: carreramatias12@gmail.com
2025-04-21 10:11:53.912 INFO  [http-nio-4040-exec-8] c.b.v.s.i.UserService - Encontrados 10 usuarios
2025-04-21 10:11:53.912 INFO  [http-nio-4040-exec-8] c.b.v.C.UserController - Devolviendo 10 users
2025-04-21 10:11:54.706 INFO  [http-nio-4040-exec-9] c.b.v.C.CategoryController - Devolviendo 2 categorias
2025-04-21 10:11:54.717 INFO  [http-nio-4040-exec-10] c.b.v.C.CategoryController - Devolviendo 2 categorias
2025-04-21 10:11:54.722 INFO  [http-nio-4040-exec-2] c.b.v.C.CategoryController - Devolviendo imagen: 20250419193333_hut-icon.svg
2025-04-21 10:11:54.723 INFO  [http-nio-4040-exec-1] c.b.v.C.CategoryController - Devolviendo imagen: 20250420204424_beach-house-icon.png
2025-04-21 10:11:56.926 INFO  [http-nio-4040-exec-5] c.b.v.C.CategoryController - Devolviendo 2 categorias
2025-04-21 10:11:56.933 INFO  [http-nio-4040-exec-8] c.b.v.C.CategoryController - Devolviendo imagen: 20250420204424_beach-house-icon.png
2025-04-21 10:11:56.933 INFO  [http-nio-4040-exec-9] c.b.v.C.CategoryController - Devolviendo imagen: 20250419193333_hut-icon.svg
2025-04-21 10:11:56.935 INFO  [http-nio-4040-exec-7] c.b.v.C.CategoryController - Devolviendo 2 categorias
2025-04-21 10:11:59.755 INFO  [http-nio-4040-exec-3] c.b.v.C.CategoryController - Devolviendo 2 categorias
2025-04-21 10:11:59.763 INFO  [http-nio-4040-exec-4] c.b.v.C.CategoryController - Devolviendo 2 categorias
2025-04-21 10:11:59.764 INFO  [http-nio-4040-exec-5] c.b.v.C.CategoryController - Devolviendo imagen: 20250419193333_hut-icon.svg
2025-04-21 10:11:59.764 INFO  [http-nio-4040-exec-6] c.b.v.C.CategoryController - Devolviendo imagen: 20250420204424_beach-house-icon.png
2025-04-21 10:12:01.678 INFO  [http-nio-4040-exec-7] c.b.v.S.C.JwtAuthenticationFilter - Validando el token JWT para el usuario: carreramatias12@gmail.com
2025-04-21 10:12:01.698 INFO  [http-nio-4040-exec-7] c.b.v.s.i.UserService - Encontrados 10 usuarios
2025-04-21 10:12:01.698 INFO  [http-nio-4040-exec-7] c.b.v.C.UserController - Devolviendo 10 users
2025-04-21 10:12:01.702 INFO  [http-nio-4040-exec-10] c.b.v.S.C.JwtAuthenticationFilter - Validando el token JWT para el usuario: carreramatias12@gmail.com
2025-04-21 10:12:01.726 INFO  [http-nio-4040-exec-10] c.b.v.s.i.UserService - Encontrados 10 usuarios
2025-04-21 10:12:01.726 INFO  [http-nio-4040-exec-10] c.b.v.C.UserController - Devolviendo 10 users
2025-04-21 11:18:07.401 INFO  [http-nio-4040-exec-9] c.b.v.C.CategoryController - Devolviendo 2 categorias
2025-04-21 11:18:07.411 INFO  [http-nio-4040-exec-8] c.b.v.C.CategoryController - Devolviendo 2 categorias
2025-04-21 11:18:07.445 INFO  [http-nio-4040-exec-10] c.b.v.C.CategoryController - Devolviendo imagen: 20250419193333_hut-icon.svg
2025-04-21 11:18:07.445 INFO  [http-nio-4040-exec-7] c.b.v.C.CategoryController - Devolviendo imagen: 20250420204424_beach-house-icon.png
2025-04-21 11:19:17.322 INFO  [http-nio-4040-exec-9] c.b.v.C.CategoryController - Devolviendo 2 categorias
2025-04-21 11:19:17.322 INFO  [http-nio-4040-exec-8] c.b.v.C.AmenityController - Devolvieendo 1 amenities
2025-04-21 11:19:17.336 INFO  [http-nio-4040-exec-7] c.b.v.C.CategoryController - Devolviendo 2 categorias
2025-04-21 11:19:17.336 INFO  [http-nio-4040-exec-10] c.b.v.C.AmenityController - Devolvieendo 1 amenities
2025-04-21 11:26:20.716 INFO  [http-nio-4040-exec-6] c.b.v.C.CategoryController - Devolviendo 2 categorias
2025-04-21 11:26:20.726 INFO  [http-nio-4040-exec-5] c.b.v.C.CategoryController - Devolviendo 2 categorias
2025-04-21 11:26:20.728 INFO  [http-nio-4040-exec-8] c.b.v.C.CategoryController - Devolviendo imagen: 20250419193333_hut-icon.svg
2025-04-21 11:26:20.728 INFO  [http-nio-4040-exec-9] c.b.v.C.CategoryController - Devolviendo imagen: 20250420204424_beach-house-icon.png
2025-04-21 11:27:38.299 INFO  [http-nio-4040-exec-5] c.b.v.C.AmenityController - Devolvieendo 1 amenities
2025-04-21 11:27:38.300 INFO  [http-nio-4040-exec-6] c.b.v.C.CategoryController - Devolviendo 2 categorias
2025-04-21 11:27:38.307 INFO  [http-nio-4040-exec-9] c.b.v.C.CategoryController - Devolviendo 2 categorias
2025-04-21 11:27:38.307 INFO  [http-nio-4040-exec-8] c.b.v.C.AmenityController - Devolvieendo 1 amenities
2025-04-21 11:32:36.018 INFO  [http-nio-4040-exec-2] c.b.v.S.C.JwtAuthenticationFilter - Validando el token JWT para el usuario: carreramatias12@gmail.com
2025-04-21 11:32:36.143 INFO  [http-nio-4040-exec-2] c.b.v.s.i.AccommodationService - AccommodationSaveDTO(id=null, name=Hotel 1, description=Habitacion de hotel 1, images=null, price=25000.0, address=AddressDTO(id=null, street=Av Siempre viva 123, city=Buenos Aires, country=Argentina), category_id=55ecfee2-3c59-4c53-ab60-e4b96c38a69a, amenities=[83367312-a362-45f3-a456-85c2704582b2], policies=[AccommodationPolicy(id=null, policy=Irse a las 9, description=Irse a las 9)])
2025-04-21 11:32:36.153 INFO  [http-nio-4040-exec-2] c.b.v.s.i.AccommodationService - Guardando el alojamineto: Hotel 1
2025-04-21 11:32:36.233 INFO  [http-nio-4040-exec-2] c.b.v.s.i.AccommodationService - El alojamiento para guardar: Accommodation(id=null, name=Hotel 1, images=[AccommodationImage(id=null, url=20250421113236_habitacion_premium_1.jpg)], amenities=[Amenity(id=83367312-a362-45f3-a456-85c2704582b2, name=null, icon=null)], price=25000.0, category=Category(id=55ecfee2-3c59-4c53-ab60-e4b96c38a69a, name=null, description=null, image=null, accommodations=null), address=Address(id=null, country=Argentina, city=Buenos Aires, street=Av Siempre viva 123), avgRating=null, policies=[AccommodationPolicy(id=null, policy=Irse a las 9, description=Irse a las 9)])
2025-04-21 11:32:36.344 INFO  [http-nio-4040-exec-2] c.b.v.s.i.AccommodationService - El alojamiento fue guardado: Hotel 1
2025-04-21 11:33:16.032 INFO  [http-nio-4040-exec-1] c.b.v.C.CategoryController - Devolviendo 2 categorias
2025-04-21 11:33:16.044 INFO  [http-nio-4040-exec-3] c.b.v.C.CategoryController - Devolviendo 2 categorias
2025-04-21 11:33:16.071 INFO  [http-nio-4040-exec-6] c.b.v.C.CategoryController - Devolviendo imagen: 20250419193333_hut-icon.svg
2025-04-21 11:33:16.071 INFO  [http-nio-4040-exec-5] c.b.v.C.CategoryController - Devolviendo imagen: 20250420204424_beach-house-icon.png
2025-04-21 11:33:17.479 INFO  [http-nio-4040-exec-8] c.b.v.C.CategoryController - Devolviendo imagen: 20250420204424_beach-house-icon.png
2025-04-21 11:33:21.274 INFO  [http-nio-4040-exec-7] c.b.v.C.CategoryController - Devolviendo 2 categorias
2025-04-21 11:33:21.274 INFO  [http-nio-4040-exec-1] c.b.v.C.AmenityController - Devolvieendo 1 amenities
2025-04-21 11:33:21.285 INFO  [http-nio-4040-exec-6] c.b.v.C.AmenityController - Devolvieendo 1 amenities
2025-04-21 11:33:21.285 INFO  [http-nio-4040-exec-3] c.b.v.C.CategoryController - Devolviendo 2 categorias
2025-04-21 11:34:26.815 INFO  [http-nio-4040-exec-6] c.b.v.C.CategoryController - Devolviendo 2 categorias
2025-04-21 11:34:26.815 INFO  [http-nio-4040-exec-3] c.b.v.C.AmenityController - Devolvieendo 1 amenities
2025-04-21 11:34:26.827 INFO  [http-nio-4040-exec-5] c.b.v.C.CategoryController - Devolviendo 2 categorias
2025-04-21 11:34:26.827 INFO  [http-nio-4040-exec-8] c.b.v.C.AmenityController - Devolvieendo 1 amenities
2025-04-21 11:35:56.100 INFO  [http-nio-4040-exec-7] c.b.v.C.AmenityController - Devolvieendo 1 amenities
2025-04-21 11:35:56.101 INFO  [http-nio-4040-exec-1] c.b.v.C.CategoryController - Devolviendo 2 categorias
2025-04-21 11:35:56.111 INFO  [http-nio-4040-exec-3] c.b.v.C.AmenityController - Devolvieendo 1 amenities
2025-04-21 11:35:56.111 INFO  [http-nio-4040-exec-6] c.b.v.C.CategoryController - Devolviendo 2 categorias
2025-04-21 11:36:17.032 INFO  [http-nio-4040-exec-6] c.b.v.S.C.JwtAuthenticationFilter - Validando el token JWT para el usuario: carreramatias12@gmail.com
2025-04-21 11:36:17.060 INFO  [http-nio-4040-exec-6] c.b.v.s.i.UserService - Encontrados 10 usuarios
2025-04-21 11:36:17.061 INFO  [http-nio-4040-exec-6] c.b.v.C.UserController - Devolviendo 10 users
2025-04-21 11:36:17.066 INFO  [http-nio-4040-exec-3] c.b.v.S.C.JwtAuthenticationFilter - Validando el token JWT para el usuario: carreramatias12@gmail.com
2025-04-21 11:36:17.100 INFO  [http-nio-4040-exec-3] c.b.v.s.i.UserService - Encontrados 10 usuarios
2025-04-21 11:36:17.101 INFO  [http-nio-4040-exec-3] c.b.v.C.UserController - Devolviendo 10 users
2025-04-21 11:36:17.470 INFO  [http-nio-4040-exec-8] c.b.v.C.CategoryController - Devolviendo 2 categorias
2025-04-21 11:36:17.482 INFO  [http-nio-4040-exec-5] c.b.v.C.CategoryController - Devolviendo 2 categorias
2025-04-21 11:36:17.494 INFO  [http-nio-4040-exec-9] c.b.v.C.CategoryController - Devolviendo imagen: 20250420204424_beach-house-icon.png
2025-04-21 11:36:17.494 INFO  [http-nio-4040-exec-4] c.b.v.C.CategoryController - Devolviendo imagen: 20250419193333_hut-icon.svg
2025-04-21 11:36:18.457 INFO  [http-nio-4040-exec-1] c.b.v.C.CategoryController - Devolviendo 2 categorias
2025-04-21 11:36:18.467 INFO  [http-nio-4040-exec-6] c.b.v.C.CategoryController - Devolviendo 2 categorias
2025-04-21 11:36:18.472 INFO  [http-nio-4040-exec-3] c.b.v.C.CategoryController - Devolviendo imagen: 20250420204424_beach-house-icon.png
2025-04-21 11:36:18.474 INFO  [http-nio-4040-exec-8] c.b.v.C.CategoryController - Devolviendo imagen: 20250419193333_hut-icon.svg
2025-04-21 11:36:18.824 INFO  [http-nio-4040-exec-5] c.b.v.S.C.JwtAuthenticationFilter - Validando el token JWT para el usuario: carreramatias12@gmail.com
2025-04-21 11:36:18.844 INFO  [http-nio-4040-exec-5] c.b.v.s.i.UserService - Encontrados 10 usuarios
2025-04-21 11:36:18.844 INFO  [http-nio-4040-exec-5] c.b.v.C.UserController - Devolviendo 10 users
2025-04-21 11:36:18.848 INFO  [http-nio-4040-exec-4] c.b.v.S.C.JwtAuthenticationFilter - Validando el token JWT para el usuario: carreramatias12@gmail.com
2025-04-21 11:36:18.865 INFO  [http-nio-4040-exec-4] c.b.v.s.i.UserService - Encontrados 10 usuarios
2025-04-21 11:36:18.865 INFO  [http-nio-4040-exec-4] c.b.v.C.UserController - Devolviendo 10 users
2025-04-21 11:36:19.631 INFO  [http-nio-4040-exec-6] c.b.v.S.C.JwtAuthenticationFilter - Validando el token JWT para el usuario: carreramatias12@gmail.com
2025-04-21 11:36:19.662 INFO  [http-nio-4040-exec-6] c.b.v.s.i.UserService - Devolviendo informacion del dashboard
2025-04-21 11:36:19.662 INFO  [http-nio-4040-exec-6] c.b.v.C.UserController - Devolviendo la informacion del dashboard
2025-04-21 11:36:19.667 INFO  [http-nio-4040-exec-3] c.b.v.S.C.JwtAuthenticationFilter - Validando el token JWT para el usuario: carreramatias12@gmail.com
2025-04-21 11:36:19.693 INFO  [http-nio-4040-exec-3] c.b.v.s.i.UserService - Devolviendo informacion del dashboard
2025-04-21 11:36:19.693 INFO  [http-nio-4040-exec-3] c.b.v.C.UserController - Devolviendo la informacion del dashboard
2025-04-21 11:36:21.261 INFO  [http-nio-4040-exec-9] c.b.v.S.C.JwtAuthenticationFilter - Validando el token JWT para el usuario: carreramatias12@gmail.com
2025-04-21 11:36:21.280 INFO  [http-nio-4040-exec-9] c.b.v.s.i.UserService - Encontrados 10 usuarios
2025-04-21 11:36:21.280 INFO  [http-nio-4040-exec-9] c.b.v.C.UserController - Devolviendo 10 users
2025-04-21 11:36:21.284 INFO  [http-nio-4040-exec-10] c.b.v.S.C.JwtAuthenticationFilter - Validando el token JWT para el usuario: carreramatias12@gmail.com
2025-04-21 11:36:21.300 INFO  [http-nio-4040-exec-10] c.b.v.s.i.UserService - Encontrados 10 usuarios
2025-04-21 11:36:21.301 INFO  [http-nio-4040-exec-10] c.b.v.C.UserController - Devolviendo 10 users
2025-04-21 11:36:22.256 INFO  [http-nio-4040-exec-2] c.b.v.C.CategoryController - Devolviendo 2 categorias
2025-04-21 11:36:22.264 INFO  [http-nio-4040-exec-7] c.b.v.C.CategoryController - Devolviendo 2 categorias
2025-04-21 11:36:22.274 INFO  [http-nio-4040-exec-1] c.b.v.C.CategoryController - Devolviendo imagen: 20250420204424_beach-house-icon.png
2025-04-21 11:36:22.274 INFO  [http-nio-4040-exec-6] c.b.v.C.CategoryController - Devolviendo imagen: 20250419193333_hut-icon.svg
2025-04-21 11:43:12.833 INFO  [http-nio-4040-exec-7] c.b.v.C.CategoryController - Devolviendo 2 categorias
2025-04-21 11:43:12.842 INFO  [http-nio-4040-exec-1] c.b.v.C.CategoryController - Devolviendo 2 categorias
2025-04-21 11:43:12.855 INFO  [http-nio-4040-exec-6] c.b.v.C.CategoryController - Devolviendo imagen: 20250420204424_beach-house-icon.png
2025-04-21 11:43:12.855 INFO  [http-nio-4040-exec-3] c.b.v.C.CategoryController - Devolviendo imagen: 20250419193333_hut-icon.svg
2025-04-21 11:43:13.599 INFO  [http-nio-4040-exec-5] c.b.v.S.C.JwtAuthenticationFilter - Validando el token JWT para el usuario: carreramatias12@gmail.com
2025-04-21 11:43:13.618 INFO  [http-nio-4040-exec-5] c.b.v.s.i.UserService - Encontrados 10 usuarios
2025-04-21 11:43:13.618 INFO  [http-nio-4040-exec-5] c.b.v.C.UserController - Devolviendo 10 users
2025-04-21 11:43:13.621 INFO  [http-nio-4040-exec-2] c.b.v.S.C.JwtAuthenticationFilter - Validando el token JWT para el usuario: carreramatias12@gmail.com
2025-04-21 11:43:13.639 INFO  [http-nio-4040-exec-2] c.b.v.s.i.UserService - Encontrados 10 usuarios
2025-04-21 11:43:13.639 INFO  [http-nio-4040-exec-2] c.b.v.C.UserController - Devolviendo 10 users
2025-04-21 11:43:14.653 INFO  [http-nio-4040-exec-6] c.b.v.S.C.JwtAuthenticationFilter - Validando el token JWT para el usuario: carreramatias12@gmail.com
2025-04-21 11:43:14.681 INFO  [http-nio-4040-exec-6] c.b.v.s.i.UserService - Devolviendo informacion del dashboard
2025-04-21 11:43:14.681 INFO  [http-nio-4040-exec-6] c.b.v.C.UserController - Devolviendo la informacion del dashboard
2025-04-21 11:43:14.684 INFO  [http-nio-4040-exec-8] c.b.v.S.C.JwtAuthenticationFilter - Validando el token JWT para el usuario: carreramatias12@gmail.com
2025-04-21 11:43:14.702 INFO  [http-nio-4040-exec-8] c.b.v.s.i.UserService - Devolviendo informacion del dashboard
2025-04-21 11:43:14.702 INFO  [http-nio-4040-exec-8] c.b.v.C.UserController - Devolviendo la informacion del dashboard
